{"E:\\Projects\\Nexus\\shared\\domain\\Entity.ts": {"path":"E:\\Projects\\Nexus\\shared\\domain\\Entity.ts","all":false,"statementMap":{"0":{"start":{"line":1,"column":0},"end":{"line":1,"column":53}},"1":{"start":{"line":2,"column":0},"end":{"line":2,"column":47}},"2":{"start":{"line":3,"column":0},"end":{"line":3,"column":0}},"3":{"start":{"line":4,"column":0},"end":{"line":4,"column":48}},"4":{"start":{"line":5,"column":0},"end":{"line":5,"column":41}},"5":{"start":{"line":6,"column":0},"end":{"line":6,"column":30}},"6":{"start":{"line":7,"column":0},"end":{"line":7,"column":0}},"7":{"start":{"line":8,"column":0},"end":{"line":8,"column":71}},"8":{"start":{"line":9,"column":0},"end":{"line":9,"column":50}},"9":{"start":{"line":10,"column":0},"end":{"line":10,"column":31}},"10":{"start":{"line":11,"column":0},"end":{"line":11,"column":12}},"11":{"start":{"line":12,"column":0},"end":{"line":12,"column":62}},"12":{"start":{"line":13,"column":0},"end":{"line":13,"column":5}},"13":{"start":{"line":14,"column":0},"end":{"line":14,"column":45}},"14":{"start":{"line":15,"column":0},"end":{"line":15,"column":3}},"15":{"start":{"line":16,"column":0},"end":{"line":16,"column":0}},"16":{"start":{"line":17,"column":0},"end":{"line":17,"column":28}},"17":{"start":{"line":18,"column":0},"end":{"line":18,"column":20}},"18":{"start":{"line":19,"column":0},"end":{"line":19,"column":3}},"19":{"start":{"line":20,"column":0},"end":{"line":20,"column":0}},"20":{"start":{"line":21,"column":0},"end":{"line":21,"column":56}},"21":{"start":{"line":22,"column":0},"end":{"line":22,"column":47}},"22":{"start":{"line":23,"column":0},"end":{"line":23,"column":19}},"23":{"start":{"line":24,"column":0},"end":{"line":24,"column":5}},"24":{"start":{"line":25,"column":0},"end":{"line":25,"column":38}},"25":{"start":{"line":26,"column":0},"end":{"line":26,"column":3}},"26":{"start":{"line":27,"column":0},"end":{"line":27,"column":1}}},"s":{"0":1,"1":1,"2":1,"3":1,"4":1,"5":8,"6":1,"7":1,"8":8,"9":5,"10":8,"11":3,"12":3,"13":8,"14":8,"15":1,"16":1,"17":5,"18":5,"19":1,"20":1,"21":4,"22":2,"23":2,"24":2,"25":4,"26":1},"branchMap":{"0":{"type":"branch","line":5,"loc":{"start":{"line":5,"column":21},"end":{"line":6,"column":30}},"locations":[{"start":{"line":5,"column":21},"end":{"line":6,"column":30}}]},"1":{"type":"branch","line":8,"loc":{"start":{"line":8,"column":2},"end":{"line":15,"column":3}},"locations":[{"start":{"line":8,"column":2},"end":{"line":15,"column":3}}]},"2":{"type":"branch","line":9,"loc":{"start":{"line":9,"column":49},"end":{"line":11,"column":11}},"locations":[{"start":{"line":9,"column":49},"end":{"line":11,"column":11}}]},"3":{"type":"branch","line":11,"loc":{"start":{"line":11,"column":4},"end":{"line":13,"column":5}},"locations":[{"start":{"line":11,"column":4},"end":{"line":13,"column":5}}]},"4":{"type":"branch","line":17,"loc":{"start":{"line":17,"column":2},"end":{"line":19,"column":3}},"locations":[{"start":{"line":17,"column":2},"end":{"line":19,"column":3}}]},"5":{"type":"branch","line":21,"loc":{"start":{"line":21,"column":2},"end":{"line":26,"column":3}},"locations":[{"start":{"line":21,"column":2},"end":{"line":26,"column":3}}]},"6":{"type":"branch","line":22,"loc":{"start":{"line":22,"column":9},"end":{"line":22,"column":46}},"locations":[{"start":{"line":22,"column":9},"end":{"line":22,"column":46}}]},"7":{"type":"branch","line":22,"loc":{"start":{"line":22,"column":46},"end":{"line":25,"column":38}},"locations":[{"start":{"line":22,"column":46},"end":{"line":25,"column":38}}]}},"b":{"0":[8],"1":[8],"2":[5],"3":[3],"4":[5],"5":[4],"6":[3],"7":[2]},"fnMap":{"0":{"name":"<instance_members_initializer>","decl":{"start":{"line":5,"column":21},"end":{"line":6,"column":30}},"loc":{"start":{"line":5,"column":21},"end":{"line":6,"column":30}},"line":5},"1":{"name":"Entity","decl":{"start":{"line":8,"column":2},"end":{"line":15,"column":3}},"loc":{"start":{"line":8,"column":2},"end":{"line":15,"column":3}},"line":8},"2":{"name":"get id","decl":{"start":{"line":17,"column":2},"end":{"line":19,"column":3}},"loc":{"start":{"line":17,"column":2},"end":{"line":19,"column":3}},"line":17},"3":{"name":"equals","decl":{"start":{"line":21,"column":2},"end":{"line":26,"column":3}},"loc":{"start":{"line":21,"column":2},"end":{"line":26,"column":3}},"line":21}},"f":{"0":8,"1":8,"2":5,"3":4}}
,"E:\\Projects\\Nexus\\shared\\domain\\IdGenerator.ts": {"path":"E:\\Projects\\Nexus\\shared\\domain\\IdGenerator.ts","all":false,"statementMap":{"0":{"start":{"line":1,"column":0},"end":{"line":1,"column":30}},"1":{"start":{"line":2,"column":0},"end":{"line":2,"column":21}},"2":{"start":{"line":3,"column":0},"end":{"line":3,"column":1}},"3":{"start":{"line":4,"column":0},"end":{"line":4,"column":0}},"4":{"start":{"line":5,"column":0},"end":{"line":5,"column":53}},"5":{"start":{"line":6,"column":0},"end":{"line":6,"column":22}},"6":{"start":{"line":7,"column":0},"end":{"line":7,"column":31}},"7":{"start":{"line":8,"column":0},"end":{"line":8,"column":3}},"8":{"start":{"line":9,"column":0},"end":{"line":9,"column":1}},"9":{"start":{"line":10,"column":0},"end":{"line":10,"column":0}},"10":{"start":{"line":11,"column":0},"end":{"line":11,"column":53}},"11":{"start":{"line":12,"column":0},"end":{"line":12,"column":22}},"12":{"start":{"line":13,"column":0},"end":{"line":13,"column":25}},"13":{"start":{"line":14,"column":0},"end":{"line":14,"column":0}},"14":{"start":{"line":15,"column":0},"end":{"line":15,"column":32}},"15":{"start":{"line":16,"column":0},"end":{"line":16,"column":25}},"16":{"start":{"line":17,"column":0},"end":{"line":17,"column":3}},"17":{"start":{"line":18,"column":0},"end":{"line":18,"column":0}},"18":{"start":{"line":19,"column":0},"end":{"line":19,"column":22}},"19":{"start":{"line":20,"column":0},"end":{"line":20,"column":19}},"20":{"start":{"line":21,"column":0},"end":{"line":21,"column":44}},"21":{"start":{"line":22,"column":0},"end":{"line":22,"column":3}},"22":{"start":{"line":23,"column":0},"end":{"line":23,"column":0}},"23":{"start":{"line":24,"column":0},"end":{"line":24,"column":17}},"24":{"start":{"line":25,"column":0},"end":{"line":25,"column":21}},"25":{"start":{"line":26,"column":0},"end":{"line":26,"column":3}},"26":{"start":{"line":27,"column":0},"end":{"line":27,"column":1}},"27":{"start":{"line":28,"column":0},"end":{"line":28,"column":0}},"28":{"start":{"line":29,"column":0},"end":{"line":29,"column":60}},"29":{"start":{"line":30,"column":0},"end":{"line":30,"column":0}},"30":{"start":{"line":31,"column":0},"end":{"line":31,"column":69}},"31":{"start":{"line":32,"column":0},"end":{"line":32,"column":33}},"32":{"start":{"line":33,"column":0},"end":{"line":33,"column":1}},"33":{"start":{"line":34,"column":0},"end":{"line":34,"column":0}},"34":{"start":{"line":35,"column":0},"end":{"line":35,"column":54}},"35":{"start":{"line":36,"column":0},"end":{"line":36,"column":28}},"36":{"start":{"line":37,"column":0},"end":{"line":37,"column":1}}},"s":{"0":1,"1":1,"2":1,"3":1,"4":1,"5":1,"6":104,"7":104,"8":1,"9":1,"10":1,"11":1,"12":4,"13":1,"14":1,"15":4,"16":4,"17":1,"18":1,"19":7,"20":7,"21":7,"22":1,"23":1,"24":1,"25":1,"26":1,"27":1,"28":1,"29":1,"30":1,"31":2,"32":2,"33":1,"34":1,"35":9,"36":9},"branchMap":{"0":{"type":"branch","line":6,"loc":{"start":{"line":6,"column":2},"end":{"line":8,"column":3}},"locations":[{"start":{"line":6,"column":2},"end":{"line":8,"column":3}}]},"1":{"type":"branch","line":12,"loc":{"start":{"line":12,"column":10},"end":{"line":13,"column":25}},"locations":[{"start":{"line":12,"column":10},"end":{"line":13,"column":25}}]},"2":{"type":"branch","line":15,"loc":{"start":{"line":15,"column":2},"end":{"line":17,"column":3}},"locations":[{"start":{"line":15,"column":2},"end":{"line":17,"column":3}}]},"3":{"type":"branch","line":19,"loc":{"start":{"line":19,"column":2},"end":{"line":22,"column":3}},"locations":[{"start":{"line":19,"column":2},"end":{"line":22,"column":3}}]},"4":{"type":"branch","line":24,"loc":{"start":{"line":24,"column":2},"end":{"line":26,"column":3}},"locations":[{"start":{"line":24,"column":2},"end":{"line":26,"column":3}}]},"5":{"type":"branch","line":31,"loc":{"start":{"line":31,"column":7},"end":{"line":33,"column":1}},"locations":[{"start":{"line":31,"column":7},"end":{"line":33,"column":1}}]},"6":{"type":"branch","line":35,"loc":{"start":{"line":35,"column":7},"end":{"line":37,"column":1}},"locations":[{"start":{"line":35,"column":7},"end":{"line":37,"column":1}}]}},"b":{"0":[104],"1":[4],"2":[4],"3":[7],"4":[1],"5":[2],"6":[9]},"fnMap":{"0":{"name":"generate","decl":{"start":{"line":6,"column":2},"end":{"line":8,"column":3}},"loc":{"start":{"line":6,"column":2},"end":{"line":8,"column":3}},"line":6},"1":{"name":"<instance_members_initializer>","decl":{"start":{"line":12,"column":10},"end":{"line":13,"column":25}},"loc":{"start":{"line":12,"column":10},"end":{"line":13,"column":25}},"line":12},"2":{"name":"TestIdGenerator","decl":{"start":{"line":15,"column":2},"end":{"line":17,"column":3}},"loc":{"start":{"line":15,"column":2},"end":{"line":17,"column":3}},"line":15},"3":{"name":"generate","decl":{"start":{"line":19,"column":2},"end":{"line":22,"column":3}},"loc":{"start":{"line":19,"column":2},"end":{"line":22,"column":3}},"line":19},"4":{"name":"reset","decl":{"start":{"line":24,"column":2},"end":{"line":26,"column":3}},"loc":{"start":{"line":24,"column":2},"end":{"line":26,"column":3}},"line":24},"5":{"name":"setDefaultIdGenerator","decl":{"start":{"line":31,"column":7},"end":{"line":33,"column":1}},"loc":{"start":{"line":31,"column":7},"end":{"line":33,"column":1}},"line":31},"6":{"name":"getDefaultIdGenerator","decl":{"start":{"line":35,"column":7},"end":{"line":37,"column":1}},"loc":{"start":{"line":35,"column":7},"end":{"line":37,"column":1}},"line":35}},"f":{"0":104,"1":4,"2":4,"3":7,"4":1,"5":2,"6":9}}
,"E:\\Projects\\Nexus\\shared\\domain\\Result.ts": {"path":"E:\\Projects\\Nexus\\shared\\domain\\Result.ts","all":false,"statementMap":{"0":{"start":{"line":1,"column":0},"end":{"line":1,"column":56}},"1":{"start":{"line":2,"column":0},"end":{"line":2,"column":0}},"2":{"start":{"line":3,"column":0},"end":{"line":3,"column":27}},"3":{"start":{"line":4,"column":0},"end":{"line":4,"column":32}},"4":{"start":{"line":5,"column":0},"end":{"line":5,"column":42}},"5":{"start":{"line":6,"column":0},"end":{"line":6,"column":0}},"6":{"start":{"line":7,"column":0},"end":{"line":7,"column":47}},"7":{"start":{"line":8,"column":0},"end":{"line":8,"column":50}},"8":{"start":{"line":9,"column":0},"end":{"line":9,"column":0}},"9":{"start":{"line":10,"column":0},"end":{"line":10,"column":36}},"10":{"start":{"line":11,"column":0},"end":{"line":11,"column":42}},"11":{"start":{"line":12,"column":0},"end":{"line":12,"column":0}},"12":{"start":{"line":13,"column":0},"end":{"line":13,"column":45}},"13":{"start":{"line":14,"column":0},"end":{"line":14,"column":30}},"14":{"start":{"line":15,"column":0},"end":{"line":15,"column":3}},"15":{"start":{"line":16,"column":0},"end":{"line":16,"column":60}},"16":{"start":{"line":17,"column":0},"end":{"line":17,"column":26}},"17":{"start":{"line":18,"column":0},"end":{"line":18,"column":3}},"18":{"start":{"line":19,"column":0},"end":{"line":19,"column":49}},"19":{"start":{"line":20,"column":0},"end":{"line":20,"column":53}},"20":{"start":{"line":21,"column":0},"end":{"line":21,"column":3}},"21":{"start":{"line":22,"column":0},"end":{"line":22,"column":64}},"22":{"start":{"line":23,"column":0},"end":{"line":23,"column":53}},"23":{"start":{"line":24,"column":0},"end":{"line":24,"column":3}},"24":{"start":{"line":25,"column":0},"end":{"line":25,"column":0}},"25":{"start":{"line":26,"column":0},"end":{"line":26,"column":72}},"26":{"start":{"line":27,"column":0},"end":{"line":27,"column":35}},"27":{"start":{"line":28,"column":0},"end":{"line":28,"column":3}},"28":{"start":{"line":29,"column":0},"end":{"line":29,"column":0}},"29":{"start":{"line":30,"column":0},"end":{"line":30,"column":36}},"30":{"start":{"line":31,"column":0},"end":{"line":31,"column":43}},"31":{"start":{"line":32,"column":0},"end":{"line":32,"column":3}},"32":{"start":{"line":33,"column":0},"end":{"line":33,"column":1}},"33":{"start":{"line":34,"column":0},"end":{"line":34,"column":0}},"34":{"start":{"line":35,"column":0},"end":{"line":35,"column":28}},"35":{"start":{"line":36,"column":0},"end":{"line":36,"column":33}},"36":{"start":{"line":37,"column":0},"end":{"line":37,"column":42}},"37":{"start":{"line":38,"column":0},"end":{"line":38,"column":0}},"38":{"start":{"line":39,"column":0},"end":{"line":39,"column":48}},"39":{"start":{"line":40,"column":0},"end":{"line":40,"column":49}},"40":{"start":{"line":41,"column":0},"end":{"line":41,"column":0}},"41":{"start":{"line":42,"column":0},"end":{"line":42,"column":39}},"42":{"start":{"line":43,"column":0},"end":{"line":43,"column":58}},"43":{"start":{"line":44,"column":0},"end":{"line":44,"column":0}},"44":{"start":{"line":45,"column":0},"end":{"line":45,"column":46}},"45":{"start":{"line":46,"column":0},"end":{"line":46,"column":54}},"46":{"start":{"line":47,"column":0},"end":{"line":47,"column":3}},"47":{"start":{"line":48,"column":0},"end":{"line":48,"column":61}},"48":{"start":{"line":49,"column":0},"end":{"line":49,"column":54}},"49":{"start":{"line":50,"column":0},"end":{"line":50,"column":3}},"50":{"start":{"line":51,"column":0},"end":{"line":51,"column":48}},"51":{"start":{"line":52,"column":0},"end":{"line":52,"column":31}},"52":{"start":{"line":53,"column":0},"end":{"line":53,"column":3}},"53":{"start":{"line":54,"column":0},"end":{"line":54,"column":63}},"54":{"start":{"line":55,"column":0},"end":{"line":55,"column":26}},"55":{"start":{"line":56,"column":0},"end":{"line":56,"column":3}},"56":{"start":{"line":57,"column":0},"end":{"line":57,"column":0}},"57":{"start":{"line":58,"column":0},"end":{"line":58,"column":72}},"58":{"start":{"line":59,"column":0},"end":{"line":59,"column":36}},"59":{"start":{"line":60,"column":0},"end":{"line":60,"column":3}},"60":{"start":{"line":61,"column":0},"end":{"line":61,"column":0}},"61":{"start":{"line":62,"column":0},"end":{"line":62,"column":37}},"62":{"start":{"line":63,"column":0},"end":{"line":63,"column":44}},"63":{"start":{"line":64,"column":0},"end":{"line":64,"column":3}},"64":{"start":{"line":65,"column":0},"end":{"line":65,"column":1}},"65":{"start":{"line":66,"column":0},"end":{"line":66,"column":0}},"66":{"start":{"line":67,"column":0},"end":{"line":67,"column":58}},"67":{"start":{"line":68,"column":0},"end":{"line":68,"column":27}},"68":{"start":{"line":69,"column":0},"end":{"line":69,"column":1}},"69":{"start":{"line":70,"column":0},"end":{"line":70,"column":0}},"70":{"start":{"line":71,"column":0},"end":{"line":71,"column":51}},"71":{"start":{"line":72,"column":0},"end":{"line":72,"column":28}},"72":{"start":{"line":73,"column":0},"end":{"line":73,"column":1}}},"s":{"0":1,"1":1,"2":1,"3":1,"4":1,"5":1,"6":1,"7":1,"8":1,"9":1,"10":1,"11":1,"12":1,"13":1,"14":1,"15":1,"16":1,"17":1,"18":1,"19":1,"20":1,"21":1,"22":0,"23":0,"24":1,"25":1,"26":1,"27":1,"28":1,"29":1,"30":1,"31":1,"32":1,"33":1,"34":1,"35":1,"36":1,"37":1,"38":1,"39":1,"40":1,"41":1,"42":1,"43":1,"44":1,"45":1,"46":1,"47":1,"48":0,"49":0,"50":1,"51":1,"52":1,"53":1,"54":1,"55":1,"56":1,"57":1,"58":1,"59":1,"60":1,"61":1,"62":1,"63":1,"64":1,"65":1,"66":1,"67":346,"68":346,"69":1,"70":1,"71":91,"72":91},"branchMap":{"0":{"type":"branch","line":5,"loc":{"start":{"line":5,"column":2},"end":{"line":5,"column":42}},"locations":[{"start":{"line":5,"column":2},"end":{"line":5,"column":42}}]},"1":{"type":"branch","line":5,"loc":{"start":{"line":5,"column":41},"end":{"line":5,"column":42}},"locations":[{"start":{"line":5,"column":41},"end":{"line":5,"column":42}}]},"2":{"type":"branch","line":7,"loc":{"start":{"line":7,"column":2},"end":{"line":7,"column":47}},"locations":[{"start":{"line":7,"column":2},"end":{"line":7,"column":47}}]},"3":{"type":"branch","line":8,"loc":{"start":{"line":8,"column":2},"end":{"line":8,"column":50}},"locations":[{"start":{"line":8,"column":2},"end":{"line":8,"column":50}}]},"4":{"type":"branch","line":10,"loc":{"start":{"line":10,"column":2},"end":{"line":10,"column":36}},"locations":[{"start":{"line":10,"column":2},"end":{"line":10,"column":36}}]},"5":{"type":"branch","line":11,"loc":{"start":{"line":11,"column":2},"end":{"line":11,"column":42}},"locations":[{"start":{"line":11,"column":2},"end":{"line":11,"column":42}}]},"6":{"type":"branch","line":13,"loc":{"start":{"line":13,"column":2},"end":{"line":15,"column":3}},"locations":[{"start":{"line":13,"column":2},"end":{"line":15,"column":3}}]},"7":{"type":"branch","line":16,"loc":{"start":{"line":16,"column":2},"end":{"line":18,"column":3}},"locations":[{"start":{"line":16,"column":2},"end":{"line":18,"column":3}}]},"8":{"type":"branch","line":19,"loc":{"start":{"line":19,"column":2},"end":{"line":21,"column":3}},"locations":[{"start":{"line":19,"column":2},"end":{"line":21,"column":3}}]},"9":{"type":"branch","line":26,"loc":{"start":{"line":26,"column":2},"end":{"line":28,"column":3}},"locations":[{"start":{"line":26,"column":2},"end":{"line":28,"column":3}}]},"10":{"type":"branch","line":30,"loc":{"start":{"line":30,"column":2},"end":{"line":32,"column":3}},"locations":[{"start":{"line":30,"column":2},"end":{"line":32,"column":3}}]},"11":{"type":"branch","line":37,"loc":{"start":{"line":37,"column":2},"end":{"line":37,"column":42}},"locations":[{"start":{"line":37,"column":2},"end":{"line":37,"column":42}}]},"12":{"type":"branch","line":37,"loc":{"start":{"line":37,"column":41},"end":{"line":37,"column":42}},"locations":[{"start":{"line":37,"column":41},"end":{"line":37,"column":42}}]},"13":{"type":"branch","line":39,"loc":{"start":{"line":39,"column":2},"end":{"line":39,"column":48}},"locations":[{"start":{"line":39,"column":2},"end":{"line":39,"column":48}}]},"14":{"type":"branch","line":40,"loc":{"start":{"line":40,"column":2},"end":{"line":40,"column":49}},"locations":[{"start":{"line":40,"column":2},"end":{"line":40,"column":49}}]},"15":{"type":"branch","line":42,"loc":{"start":{"line":42,"column":2},"end":{"line":42,"column":39}},"locations":[{"start":{"line":42,"column":2},"end":{"line":42,"column":39}}]},"16":{"type":"branch","line":43,"loc":{"start":{"line":43,"column":2},"end":{"line":43,"column":58}},"locations":[{"start":{"line":43,"column":2},"end":{"line":43,"column":58}}]},"17":{"type":"branch","line":45,"loc":{"start":{"line":45,"column":2},"end":{"line":47,"column":3}},"locations":[{"start":{"line":45,"column":2},"end":{"line":47,"column":3}}]},"18":{"type":"branch","line":51,"loc":{"start":{"line":51,"column":2},"end":{"line":53,"column":3}},"locations":[{"start":{"line":51,"column":2},"end":{"line":53,"column":3}}]},"19":{"type":"branch","line":54,"loc":{"start":{"line":54,"column":2},"end":{"line":56,"column":3}},"locations":[{"start":{"line":54,"column":2},"end":{"line":56,"column":3}}]},"20":{"type":"branch","line":58,"loc":{"start":{"line":58,"column":2},"end":{"line":60,"column":3}},"locations":[{"start":{"line":58,"column":2},"end":{"line":60,"column":3}}]},"21":{"type":"branch","line":62,"loc":{"start":{"line":62,"column":2},"end":{"line":64,"column":3}},"locations":[{"start":{"line":62,"column":2},"end":{"line":64,"column":3}}]},"22":{"type":"branch","line":67,"loc":{"start":{"line":67,"column":7},"end":{"line":69,"column":1}},"locations":[{"start":{"line":67,"column":7},"end":{"line":69,"column":1}}]},"23":{"type":"branch","line":71,"loc":{"start":{"line":71,"column":7},"end":{"line":73,"column":1}},"locations":[{"start":{"line":71,"column":7},"end":{"line":73,"column":1}}]}},"b":{"0":[346],"1":[346],"2":[59],"3":[233],"4":[144],"5":[1],"6":[1],"7":[1],"8":[1],"9":[1],"10":[1],"11":[91],"12":[91],"13":[2],"14":[81],"15":[3],"16":[1],"17":[1],"18":[1],"19":[1],"20":[1],"21":[1],"22":[346],"23":[91]},"fnMap":{"0":{"name":"OkImpl","decl":{"start":{"line":5,"column":2},"end":{"line":5,"column":42}},"loc":{"start":{"line":5,"column":2},"end":{"line":5,"column":42}},"line":5},"1":{"name":"<instance_members_initializer>","decl":{"start":{"line":5,"column":41},"end":{"line":5,"column":42}},"loc":{"start":{"line":5,"column":41},"end":{"line":5,"column":42}},"line":5},"2":{"name":"isOk","decl":{"start":{"line":7,"column":2},"end":{"line":7,"column":47}},"loc":{"start":{"line":7,"column":2},"end":{"line":7,"column":47}},"line":7},"3":{"name":"isErr","decl":{"start":{"line":8,"column":2},"end":{"line":8,"column":50}},"loc":{"start":{"line":8,"column":2},"end":{"line":8,"column":50}},"line":8},"4":{"name":"unwrap","decl":{"start":{"line":10,"column":2},"end":{"line":10,"column":36}},"loc":{"start":{"line":10,"column":2},"end":{"line":10,"column":36}},"line":10},"5":{"name":"unwrapOr","decl":{"start":{"line":11,"column":2},"end":{"line":11,"column":42}},"loc":{"start":{"line":11,"column":2},"end":{"line":11,"column":42}},"line":11},"6":{"name":"map","decl":{"start":{"line":13,"column":2},"end":{"line":15,"column":3}},"loc":{"start":{"line":13,"column":2},"end":{"line":15,"column":3}},"line":13},"7":{"name":"flatMap","decl":{"start":{"line":16,"column":2},"end":{"line":18,"column":3}},"loc":{"start":{"line":16,"column":2},"end":{"line":18,"column":3}},"line":16},"8":{"name":"mapErr","decl":{"start":{"line":19,"column":2},"end":{"line":21,"column":3}},"loc":{"start":{"line":19,"column":2},"end":{"line":21,"column":3}},"line":19},"9":{"name":"flatMapErr","decl":{"start":{"line":22,"column":2},"end":{"line":24,"column":3}},"loc":{"start":{"line":22,"column":2},"end":{"line":24,"column":3}},"line":22},"10":{"name":"match","decl":{"start":{"line":26,"column":2},"end":{"line":28,"column":3}},"loc":{"start":{"line":26,"column":2},"end":{"line":28,"column":3}},"line":26},"11":{"name":"toJSON","decl":{"start":{"line":30,"column":2},"end":{"line":32,"column":3}},"loc":{"start":{"line":30,"column":2},"end":{"line":32,"column":3}},"line":30},"12":{"name":"ErrImpl","decl":{"start":{"line":37,"column":2},"end":{"line":37,"column":42}},"loc":{"start":{"line":37,"column":2},"end":{"line":37,"column":42}},"line":37},"13":{"name":"<instance_members_initializer>","decl":{"start":{"line":37,"column":41},"end":{"line":37,"column":42}},"loc":{"start":{"line":37,"column":41},"end":{"line":37,"column":42}},"line":37},"14":{"name":"isOk","decl":{"start":{"line":39,"column":2},"end":{"line":39,"column":48}},"loc":{"start":{"line":39,"column":2},"end":{"line":39,"column":48}},"line":39},"15":{"name":"isErr","decl":{"start":{"line":40,"column":2},"end":{"line":40,"column":49}},"loc":{"start":{"line":40,"column":2},"end":{"line":40,"column":49}},"line":40},"16":{"name":"unwrap","decl":{"start":{"line":42,"column":2},"end":{"line":42,"column":39}},"loc":{"start":{"line":42,"column":2},"end":{"line":42,"column":39}},"line":42},"17":{"name":"unwrapOr","decl":{"start":{"line":43,"column":2},"end":{"line":43,"column":58}},"loc":{"start":{"line":43,"column":2},"end":{"line":43,"column":58}},"line":43},"18":{"name":"map","decl":{"start":{"line":45,"column":2},"end":{"line":47,"column":3}},"loc":{"start":{"line":45,"column":2},"end":{"line":47,"column":3}},"line":45},"19":{"name":"flatMap","decl":{"start":{"line":48,"column":2},"end":{"line":50,"column":3}},"loc":{"start":{"line":48,"column":2},"end":{"line":50,"column":3}},"line":48},"20":{"name":"mapErr","decl":{"start":{"line":51,"column":2},"end":{"line":53,"column":3}},"loc":{"start":{"line":51,"column":2},"end":{"line":53,"column":3}},"line":51},"21":{"name":"flatMapErr","decl":{"start":{"line":54,"column":2},"end":{"line":56,"column":3}},"loc":{"start":{"line":54,"column":2},"end":{"line":56,"column":3}},"line":54},"22":{"name":"match","decl":{"start":{"line":58,"column":2},"end":{"line":60,"column":3}},"loc":{"start":{"line":58,"column":2},"end":{"line":60,"column":3}},"line":58},"23":{"name":"toJSON","decl":{"start":{"line":62,"column":2},"end":{"line":64,"column":3}},"loc":{"start":{"line":62,"column":2},"end":{"line":64,"column":3}},"line":62},"24":{"name":"ok","decl":{"start":{"line":67,"column":7},"end":{"line":69,"column":1}},"loc":{"start":{"line":67,"column":7},"end":{"line":69,"column":1}},"line":67},"25":{"name":"err","decl":{"start":{"line":71,"column":7},"end":{"line":73,"column":1}},"loc":{"start":{"line":71,"column":7},"end":{"line":73,"column":1}},"line":71}},"f":{"0":346,"1":346,"2":59,"3":233,"4":144,"5":1,"6":1,"7":1,"8":1,"9":0,"10":1,"11":1,"12":91,"13":91,"14":2,"15":81,"16":3,"17":1,"18":1,"19":0,"20":1,"21":1,"22":1,"23":1,"24":346,"25":91}}
,"E:\\Projects\\Nexus\\shared\\domain\\UniqueEntityID.ts": {"path":"E:\\Projects\\Nexus\\shared\\domain\\UniqueEntityID.ts","all":false,"statementMap":{"0":{"start":{"line":1,"column":0},"end":{"line":1,"column":57}},"1":{"start":{"line":2,"column":0},"end":{"line":2,"column":0}},"2":{"start":{"line":3,"column":0},"end":{"line":3,"column":29}},"3":{"start":{"line":4,"column":0},"end":{"line":4,"column":34}},"4":{"start":{"line":5,"column":0},"end":{"line":5,"column":0}},"5":{"start":{"line":6,"column":0},"end":{"line":6,"column":87}},"6":{"start":{"line":7,"column":0},"end":{"line":7,"column":50}},"7":{"start":{"line":8,"column":0},"end":{"line":8,"column":3}},"8":{"start":{"line":9,"column":0},"end":{"line":9,"column":0}},"9":{"start":{"line":10,"column":0},"end":{"line":10,"column":23}},"10":{"start":{"line":11,"column":0},"end":{"line":11,"column":23}},"11":{"start":{"line":12,"column":0},"end":{"line":12,"column":3}},"12":{"start":{"line":13,"column":0},"end":{"line":13,"column":0}},"13":{"start":{"line":14,"column":0},"end":{"line":14,"column":22}},"14":{"start":{"line":15,"column":0},"end":{"line":15,"column":23}},"15":{"start":{"line":16,"column":0},"end":{"line":16,"column":3}},"16":{"start":{"line":17,"column":0},"end":{"line":17,"column":0}},"17":{"start":{"line":18,"column":0},"end":{"line":18,"column":42}},"18":{"start":{"line":19,"column":0},"end":{"line":19,"column":40}},"19":{"start":{"line":20,"column":0},"end":{"line":20,"column":3}},"20":{"start":{"line":21,"column":0},"end":{"line":21,"column":1}}},"s":{"0":1,"1":1,"2":1,"3":1,"4":1,"5":1,"6":7,"7":7,"8":1,"9":1,"10":0,"11":0,"12":1,"13":1,"14":2,"15":2,"16":1,"17":1,"18":2,"19":2,"20":1},"branchMap":{"0":{"type":"branch","line":6,"loc":{"start":{"line":6,"column":2},"end":{"line":8,"column":3}},"locations":[{"start":{"line":6,"column":2},"end":{"line":8,"column":3}}]},"1":{"type":"branch","line":7,"loc":{"start":{"line":7,"column":18},"end":{"line":7,"column":50}},"locations":[{"start":{"line":7,"column":18},"end":{"line":7,"column":50}}]},"2":{"type":"branch","line":8,"loc":{"start":{"line":8,"column":2},"end":{"line":8,"column":3}},"locations":[{"start":{"line":8,"column":2},"end":{"line":8,"column":3}}]},"3":{"type":"branch","line":14,"loc":{"start":{"line":14,"column":2},"end":{"line":16,"column":3}},"locations":[{"start":{"line":14,"column":2},"end":{"line":16,"column":3}}]},"4":{"type":"branch","line":18,"loc":{"start":{"line":18,"column":2},"end":{"line":20,"column":3}},"locations":[{"start":{"line":18,"column":2},"end":{"line":20,"column":3}}]}},"b":{"0":[7],"1":[3],"2":[7],"3":[2],"4":[2]},"fnMap":{"0":{"name":"UniqueEntityID","decl":{"start":{"line":6,"column":2},"end":{"line":8,"column":3}},"loc":{"start":{"line":6,"column":2},"end":{"line":8,"column":3}},"line":6},"1":{"name":"<instance_members_initializer>","decl":{"start":{"line":8,"column":2},"end":{"line":8,"column":3}},"loc":{"start":{"line":8,"column":2},"end":{"line":8,"column":3}},"line":8},"2":{"name":"get value","decl":{"start":{"line":10,"column":2},"end":{"line":12,"column":3}},"loc":{"start":{"line":10,"column":2},"end":{"line":12,"column":3}},"line":10},"3":{"name":"toString","decl":{"start":{"line":14,"column":2},"end":{"line":16,"column":3}},"loc":{"start":{"line":14,"column":2},"end":{"line":16,"column":3}},"line":14},"4":{"name":"equals","decl":{"start":{"line":18,"column":2},"end":{"line":20,"column":3}},"loc":{"start":{"line":18,"column":2},"end":{"line":20,"column":3}},"line":18}},"f":{"0":7,"1":7,"2":0,"3":2,"4":2}}
,"E:\\Projects\\Nexus\\shared\\domain\\ValueObject.ts": {"path":"E:\\Projects\\Nexus\\shared\\domain\\ValueObject.ts","all":false,"statementMap":{"0":{"start":{"line":1,"column":0},"end":{"line":1,"column":53}},"1":{"start":{"line":2,"column":0},"end":{"line":2,"column":30}},"2":{"start":{"line":3,"column":0},"end":{"line":3,"column":0}},"3":{"start":{"line":4,"column":0},"end":{"line":4,"column":25}},"4":{"start":{"line":5,"column":0},"end":{"line":5,"column":45}},"5":{"start":{"line":6,"column":0},"end":{"line":6,"column":3}},"6":{"start":{"line":7,"column":0},"end":{"line":7,"column":0}},"7":{"start":{"line":8,"column":0},"end":{"line":8,"column":61}},"8":{"start":{"line":9,"column":0},"end":{"line":9,"column":52}},"9":{"start":{"line":10,"column":0},"end":{"line":10,"column":19}},"10":{"start":{"line":11,"column":0},"end":{"line":11,"column":5}},"11":{"start":{"line":12,"column":0},"end":{"line":12,"column":54}},"12":{"start":{"line":13,"column":0},"end":{"line":13,"column":3}},"13":{"start":{"line":14,"column":0},"end":{"line":14,"column":0}},"14":{"start":{"line":15,"column":0},"end":{"line":15,"column":61}},"15":{"start":{"line":16,"column":0},"end":{"line":16,"column":36}},"16":{"start":{"line":17,"column":0},"end":{"line":17,"column":36}},"17":{"start":{"line":18,"column":0},"end":{"line":18,"column":52}},"18":{"start":{"line":19,"column":0},"end":{"line":19,"column":30}},"19":{"start":{"line":20,"column":0},"end":{"line":20,"column":58}},"20":{"start":{"line":21,"column":0},"end":{"line":21,"column":58}},"21":{"start":{"line":22,"column":0},"end":{"line":22,"column":71}},"22":{"start":{"line":23,"column":0},"end":{"line":23,"column":45}},"23":{"start":{"line":24,"column":0},"end":{"line":24,"column":33}},"24":{"start":{"line":25,"column":0},"end":{"line":25,"column":21}},"25":{"start":{"line":26,"column":0},"end":{"line":26,"column":7}},"26":{"start":{"line":27,"column":0},"end":{"line":27,"column":5}},"27":{"start":{"line":28,"column":0},"end":{"line":28,"column":16}},"28":{"start":{"line":29,"column":0},"end":{"line":29,"column":3}},"29":{"start":{"line":30,"column":0},"end":{"line":30,"column":1}}},"s":{"0":1,"1":1,"2":1,"3":1,"4":23,"5":23,"6":1,"7":1,"8":12,"9":3,"10":3,"11":9,"12":12,"13":1,"14":1,"15":9,"16":9,"17":9,"18":9,"19":15,"20":15,"21":15,"22":2,"23":15,"24":4,"25":4,"26":15,"27":3,"28":9,"29":1},"branchMap":{"0":{"type":"branch","line":2,"loc":{"start":{"line":2,"column":21},"end":{"line":2,"column":30}},"locations":[{"start":{"line":2,"column":21},"end":{"line":2,"column":30}}]},"1":{"type":"branch","line":4,"loc":{"start":{"line":4,"column":2},"end":{"line":6,"column":3}},"locations":[{"start":{"line":4,"column":2},"end":{"line":6,"column":3}}]},"2":{"type":"branch","line":8,"loc":{"start":{"line":8,"column":2},"end":{"line":13,"column":3}},"locations":[{"start":{"line":8,"column":2},"end":{"line":13,"column":3}}]},"3":{"type":"branch","line":9,"loc":{"start":{"line":9,"column":9},"end":{"line":9,"column":51}},"locations":[{"start":{"line":9,"column":9},"end":{"line":9,"column":51}}]},"4":{"type":"branch","line":9,"loc":{"start":{"line":9,"column":51},"end":{"line":11,"column":5}},"locations":[{"start":{"line":9,"column":51},"end":{"line":11,"column":5}}]},"5":{"type":"branch","line":11,"loc":{"start":{"line":11,"column":4},"end":{"line":12,"column":54}},"locations":[{"start":{"line":11,"column":4},"end":{"line":12,"column":54}}]},"6":{"type":"branch","line":15,"loc":{"start":{"line":15,"column":10},"end":{"line":29,"column":3}},"locations":[{"start":{"line":15,"column":10},"end":{"line":29,"column":3}}]},"7":{"type":"branch","line":18,"loc":{"start":{"line":18,"column":39},"end":{"line":18,"column":52}},"locations":[{"start":{"line":18,"column":39},"end":{"line":18,"column":52}}]},"8":{"type":"branch","line":18,"loc":{"start":{"line":18,"column":46},"end":{"line":19,"column":29}},"locations":[{"start":{"line":18,"column":46},"end":{"line":19,"column":29}}]},"9":{"type":"branch","line":19,"loc":{"start":{"line":19,"column":29},"end":{"line":27,"column":5}},"locations":[{"start":{"line":19,"column":29},"end":{"line":27,"column":5}}]},"10":{"type":"branch","line":22,"loc":{"start":{"line":22,"column":26},"end":{"line":22,"column":70}},"locations":[{"start":{"line":22,"column":26},"end":{"line":22,"column":70}}]},"11":{"type":"branch","line":22,"loc":{"start":{"line":22,"column":70},"end":{"line":24,"column":17}},"locations":[{"start":{"line":22,"column":70},"end":{"line":24,"column":17}}]},"12":{"type":"branch","line":23,"loc":{"start":{"line":23,"column":32},"end":{"line":23,"column":45}},"locations":[{"start":{"line":23,"column":32},"end":{"line":23,"column":45}}]},"13":{"type":"branch","line":24,"loc":{"start":{"line":24,"column":6},"end":{"line":26,"column":7}},"locations":[{"start":{"line":24,"column":6},"end":{"line":26,"column":7}}]},"14":{"type":"branch","line":24,"loc":{"start":{"line":24,"column":32},"end":{"line":26,"column":7}},"locations":[{"start":{"line":24,"column":32},"end":{"line":26,"column":7}}]},"15":{"type":"branch","line":27,"loc":{"start":{"line":27,"column":4},"end":{"line":28,"column":16}},"locations":[{"start":{"line":27,"column":4},"end":{"line":28,"column":16}}]}},"b":{"0":[23],"1":[23],"2":[12],"3":[10],"4":[3],"5":[9],"6":[9],"7":[1],"8":[8],"9":[15],"10":[4],"11":[2],"12":[1],"13":[13],"14":[4],"15":[3]},"fnMap":{"0":{"name":"<instance_members_initializer>","decl":{"start":{"line":2,"column":21},"end":{"line":2,"column":30}},"loc":{"start":{"line":2,"column":21},"end":{"line":2,"column":30}},"line":2},"1":{"name":"ValueObject","decl":{"start":{"line":4,"column":2},"end":{"line":6,"column":3}},"loc":{"start":{"line":4,"column":2},"end":{"line":6,"column":3}},"line":4},"2":{"name":"equals","decl":{"start":{"line":8,"column":2},"end":{"line":13,"column":3}},"loc":{"start":{"line":8,"column":2},"end":{"line":13,"column":3}},"line":8},"3":{"name":"shallowEqual","decl":{"start":{"line":15,"column":10},"end":{"line":29,"column":3}},"loc":{"start":{"line":15,"column":10},"end":{"line":29,"column":3}},"line":15}},"f":{"0":23,"1":23,"2":12,"3":9}}
,"E:\\Projects\\Nexus\\shared\\exceptions\\BaseException.ts": {"path":"E:\\Projects\\Nexus\\shared\\exceptions\\BaseException.ts","all":false,"statementMap":{"0":{"start":{"line":1,"column":0},"end":{"line":1,"column":44}},"1":{"start":{"line":2,"column":0},"end":{"line":2,"column":0}},"2":{"start":{"line":3,"column":0},"end":{"line":3,"column":42}},"3":{"start":{"line":4,"column":0},"end":{"line":4,"column":34}},"4":{"start":{"line":5,"column":0},"end":{"line":5,"column":52}},"5":{"start":{"line":6,"column":0},"end":{"line":6,"column":32}},"6":{"start":{"line":7,"column":0},"end":{"line":7,"column":0}},"7":{"start":{"line":8,"column":0},"end":{"line":8,"column":99}},"8":{"start":{"line":9,"column":0},"end":{"line":9,"column":19}},"9":{"start":{"line":10,"column":0},"end":{"line":10,"column":32}},"10":{"start":{"line":11,"column":0},"end":{"line":11,"column":21}},"11":{"start":{"line":12,"column":0},"end":{"line":12,"column":27}},"12":{"start":{"line":13,"column":0},"end":{"line":13,"column":23}},"13":{"start":{"line":14,"column":0},"end":{"line":14,"column":0}},"14":{"start":{"line":15,"column":0},"end":{"line":15,"column":41}},"15":{"start":{"line":16,"column":0},"end":{"line":16,"column":34}},"16":{"start":{"line":17,"column":0},"end":{"line":17,"column":51}},"17":{"start":{"line":18,"column":0},"end":{"line":18,"column":5}},"18":{"start":{"line":19,"column":0},"end":{"line":19,"column":3}},"19":{"start":{"line":20,"column":0},"end":{"line":20,"column":0}},"20":{"start":{"line":21,"column":0},"end":{"line":21,"column":37}},"21":{"start":{"line":22,"column":0},"end":{"line":22,"column":12}},"22":{"start":{"line":23,"column":0},"end":{"line":23,"column":22}},"23":{"start":{"line":24,"column":0},"end":{"line":24,"column":22}},"24":{"start":{"line":25,"column":0},"end":{"line":25,"column":28}},"25":{"start":{"line":26,"column":0},"end":{"line":26,"column":28}},"26":{"start":{"line":27,"column":0},"end":{"line":27,"column":24}},"27":{"start":{"line":28,"column":0},"end":{"line":28,"column":6}},"28":{"start":{"line":29,"column":0},"end":{"line":29,"column":3}},"29":{"start":{"line":30,"column":0},"end":{"line":30,"column":1}}},"s":{"0":1,"1":1,"2":1,"3":1,"4":40,"5":40,"6":1,"7":1,"8":40,"9":40,"10":40,"11":40,"12":40,"13":40,"14":40,"15":40,"16":40,"17":40,"18":40,"19":1,"20":1,"21":2,"22":2,"23":2,"24":2,"25":2,"26":2,"27":2,"28":2,"29":1},"branchMap":{"0":{"type":"branch","line":4,"loc":{"start":{"line":4,"column":18},"end":{"line":6,"column":32}},"locations":[{"start":{"line":4,"column":18},"end":{"line":6,"column":32}}]},"1":{"type":"branch","line":8,"loc":{"start":{"line":8,"column":2},"end":{"line":19,"column":3}},"locations":[{"start":{"line":8,"column":2},"end":{"line":19,"column":3}}]},"2":{"type":"branch","line":21,"loc":{"start":{"line":21,"column":2},"end":{"line":29,"column":3}},"locations":[{"start":{"line":21,"column":2},"end":{"line":29,"column":3}}]}},"b":{"0":[40],"1":[40],"2":[2]},"fnMap":{"0":{"name":"<instance_members_initializer>","decl":{"start":{"line":4,"column":18},"end":{"line":6,"column":32}},"loc":{"start":{"line":4,"column":18},"end":{"line":6,"column":32}},"line":4},"1":{"name":"BaseException","decl":{"start":{"line":8,"column":2},"end":{"line":19,"column":3}},"loc":{"start":{"line":8,"column":2},"end":{"line":19,"column":3}},"line":8},"2":{"name":"toJSON","decl":{"start":{"line":21,"column":2},"end":{"line":29,"column":3}},"loc":{"start":{"line":21,"column":2},"end":{"line":29,"column":3}},"line":21}},"f":{"0":40,"1":40,"2":2}}
,"E:\\Projects\\Nexus\\shared\\exceptions\\ErrorCodes.ts": {"path":"E:\\Projects\\Nexus\\shared\\exceptions\\ErrorCodes.ts","all":false,"statementMap":{"0":{"start":{"line":1,"column":0},"end":{"line":1,"column":27}},"1":{"start":{"line":2,"column":0},"end":{"line":2,"column":18}},"2":{"start":{"line":3,"column":0},"end":{"line":3,"column":35}},"3":{"start":{"line":4,"column":0},"end":{"line":4,"column":39}},"4":{"start":{"line":5,"column":0},"end":{"line":5,"column":55}},"5":{"start":{"line":6,"column":0},"end":{"line":6,"column":0}},"6":{"start":{"line":7,"column":0},"end":{"line":7,"column":15}},"7":{"start":{"line":8,"column":0},"end":{"line":8,"column":41}},"8":{"start":{"line":9,"column":0},"end":{"line":9,"column":33}},"9":{"start":{"line":10,"column":0},"end":{"line":10,"column":0}},"10":{"start":{"line":11,"column":0},"end":{"line":11,"column":13}},"11":{"start":{"line":12,"column":0},"end":{"line":12,"column":47}},"12":{"start":{"line":13,"column":0},"end":{"line":13,"column":39}},"13":{"start":{"line":14,"column":0},"end":{"line":14,"column":47}},"14":{"start":{"line":15,"column":0},"end":{"line":15,"column":49}},"15":{"start":{"line":16,"column":0},"end":{"line":16,"column":0}},"16":{"start":{"line":17,"column":0},"end":{"line":17,"column":10}},"17":{"start":{"line":18,"column":0},"end":{"line":18,"column":37}},"18":{"start":{"line":19,"column":0},"end":{"line":19,"column":57}},"19":{"start":{"line":20,"column":0},"end":{"line":20,"column":51}},"20":{"start":{"line":21,"column":0},"end":{"line":21,"column":0}},"21":{"start":{"line":22,"column":0},"end":{"line":22,"column":15}},"22":{"start":{"line":23,"column":0},"end":{"line":23,"column":37}},"23":{"start":{"line":24,"column":0},"end":{"line":24,"column":35}},"24":{"start":{"line":25,"column":0},"end":{"line":25,"column":35}},"25":{"start":{"line":26,"column":0},"end":{"line":26,"column":51}},"26":{"start":{"line":27,"column":0},"end":{"line":27,"column":0}},"27":{"start":{"line":28,"column":0},"end":{"line":28,"column":23}},"28":{"start":{"line":29,"column":0},"end":{"line":29,"column":43}},"29":{"start":{"line":30,"column":0},"end":{"line":30,"column":43}},"30":{"start":{"line":31,"column":0},"end":{"line":31,"column":59}},"31":{"start":{"line":32,"column":0},"end":{"line":32,"column":61}},"32":{"start":{"line":33,"column":0},"end":{"line":33,"column":0}},"33":{"start":{"line":34,"column":0},"end":{"line":34,"column":24}},"34":{"start":{"line":35,"column":0},"end":{"line":35,"column":33}},"35":{"start":{"line":36,"column":0},"end":{"line":36,"column":45}},"36":{"start":{"line":37,"column":0},"end":{"line":37,"column":0}},"37":{"start":{"line":38,"column":0},"end":{"line":38,"column":12}},"38":{"start":{"line":39,"column":0},"end":{"line":39,"column":57}},"39":{"start":{"line":40,"column":0},"end":{"line":40,"column":59}},"40":{"start":{"line":41,"column":0},"end":{"line":41,"column":59}},"41":{"start":{"line":42,"column":0},"end":{"line":42,"column":0}},"42":{"start":{"line":43,"column":0},"end":{"line":43,"column":8}},"43":{"start":{"line":44,"column":0},"end":{"line":44,"column":47}},"44":{"start":{"line":45,"column":0},"end":{"line":45,"column":43}},"45":{"start":{"line":46,"column":0},"end":{"line":46,"column":43}},"46":{"start":{"line":47,"column":0},"end":{"line":47,"column":0}},"47":{"start":{"line":48,"column":0},"end":{"line":48,"column":12}},"48":{"start":{"line":49,"column":0},"end":{"line":49,"column":35}},"49":{"start":{"line":50,"column":0},"end":{"line":50,"column":21}},"50":{"start":{"line":51,"column":0},"end":{"line":51,"column":11}},"51":{"start":{"line":52,"column":0},"end":{"line":52,"column":0}},"52":{"start":{"line":53,"column":0},"end":{"line":53,"column":67}}},"s":{"0":1,"1":1,"2":1,"3":1,"4":1,"5":1,"6":1,"7":1,"8":1,"9":1,"10":1,"11":1,"12":1,"13":1,"14":1,"15":1,"16":1,"17":1,"18":1,"19":1,"20":1,"21":1,"22":1,"23":1,"24":1,"25":1,"26":1,"27":1,"28":1,"29":1,"30":1,"31":1,"32":1,"33":1,"34":1,"35":1,"36":1,"37":1,"38":1,"39":1,"40":1,"41":1,"42":1,"43":1,"44":1,"45":1,"46":1,"47":1,"48":1,"49":1,"50":1,"51":1,"52":1},"branchMap":{},"b":{},"fnMap":{},"f":{}}
,"E:\\Projects\\Nexus\\shared\\utils\\DateTime.ts": {"path":"E:\\Projects\\Nexus\\shared\\utils\\DateTime.ts","all":false,"statementMap":{"0":{"start":{"line":1,"column":0},"end":{"line":1,"column":23}},"1":{"start":{"line":2,"column":0},"end":{"line":2,"column":31}},"2":{"start":{"line":3,"column":0},"end":{"line":3,"column":0}},"3":{"start":{"line":4,"column":0},"end":{"line":4,"column":35}},"4":{"start":{"line":5,"column":0},"end":{"line":5,"column":22}},"5":{"start":{"line":6,"column":0},"end":{"line":6,"column":3}},"6":{"start":{"line":7,"column":0},"end":{"line":7,"column":0}},"7":{"start":{"line":8,"column":0},"end":{"line":8,"column":26}},"8":{"start":{"line":9,"column":0},"end":{"line":9,"column":36}},"9":{"start":{"line":10,"column":0},"end":{"line":10,"column":3}},"10":{"start":{"line":11,"column":0},"end":{"line":11,"column":0}},"11":{"start":{"line":12,"column":0},"end":{"line":12,"column":47}},"12":{"start":{"line":13,"column":0},"end":{"line":13,"column":37}},"13":{"start":{"line":14,"column":0},"end":{"line":14,"column":32}},"14":{"start":{"line":15,"column":0},"end":{"line":15,"column":63}},"15":{"start":{"line":16,"column":0},"end":{"line":16,"column":5}},"16":{"start":{"line":17,"column":0},"end":{"line":17,"column":30}},"17":{"start":{"line":18,"column":0},"end":{"line":18,"column":3}},"18":{"start":{"line":19,"column":0},"end":{"line":19,"column":0}},"19":{"start":{"line":20,"column":0},"end":{"line":20,"column":50}},"20":{"start":{"line":21,"column":0},"end":{"line":21,"column":42}},"21":{"start":{"line":22,"column":0},"end":{"line":22,"column":3}},"22":{"start":{"line":23,"column":0},"end":{"line":23,"column":0}},"23":{"start":{"line":24,"column":0},"end":{"line":24,"column":25}},"24":{"start":{"line":25,"column":0},"end":{"line":25,"column":36}},"25":{"start":{"line":26,"column":0},"end":{"line":26,"column":3}},"26":{"start":{"line":27,"column":0},"end":{"line":27,"column":0}},"27":{"start":{"line":28,"column":0},"end":{"line":28,"column":22}},"28":{"start":{"line":29,"column":0},"end":{"line":29,"column":32}},"29":{"start":{"line":30,"column":0},"end":{"line":30,"column":3}},"30":{"start":{"line":31,"column":0},"end":{"line":31,"column":0}},"31":{"start":{"line":32,"column":0},"end":{"line":32,"column":99}},"32":{"start":{"line":33,"column":0},"end":{"line":33,"column":40}},"33":{"start":{"line":34,"column":0},"end":{"line":34,"column":51}},"34":{"start":{"line":35,"column":0},"end":{"line":35,"column":51}},"35":{"start":{"line":36,"column":0},"end":{"line":36,"column":51}},"36":{"start":{"line":37,"column":0},"end":{"line":37,"column":49}},"37":{"start":{"line":38,"column":0},"end":{"line":38,"column":50}},"38":{"start":{"line":39,"column":0},"end":{"line":39,"column":3}},"39":{"start":{"line":40,"column":0},"end":{"line":40,"column":0}},"40":{"start":{"line":41,"column":0},"end":{"line":41,"column":100}},"41":{"start":{"line":42,"column":0},"end":{"line":42,"column":40}},"42":{"start":{"line":43,"column":0},"end":{"line":43,"column":56}},"43":{"start":{"line":44,"column":0},"end":{"line":44,"column":56}},"44":{"start":{"line":45,"column":0},"end":{"line":45,"column":56}},"45":{"start":{"line":46,"column":0},"end":{"line":46,"column":54}},"46":{"start":{"line":47,"column":0},"end":{"line":47,"column":55}},"47":{"start":{"line":48,"column":0},"end":{"line":48,"column":3}},"48":{"start":{"line":49,"column":0},"end":{"line":49,"column":0}},"49":{"start":{"line":50,"column":0},"end":{"line":50,"column":38}},"50":{"start":{"line":51,"column":0},"end":{"line":51,"column":36}},"51":{"start":{"line":52,"column":0},"end":{"line":52,"column":3}},"52":{"start":{"line":53,"column":0},"end":{"line":53,"column":0}},"53":{"start":{"line":54,"column":0},"end":{"line":54,"column":37}},"54":{"start":{"line":55,"column":0},"end":{"line":55,"column":36}},"55":{"start":{"line":56,"column":0},"end":{"line":56,"column":3}},"56":{"start":{"line":57,"column":0},"end":{"line":57,"column":0}},"57":{"start":{"line":58,"column":0},"end":{"line":58,"column":36}},"58":{"start":{"line":59,"column":0},"end":{"line":59,"column":58}},"59":{"start":{"line":60,"column":0},"end":{"line":60,"column":3}},"60":{"start":{"line":61,"column":0},"end":{"line":61,"column":1}}},"s":{"0":1,"1":1,"2":1,"3":1,"4":23,"5":23,"6":1,"7":1,"8":1,"9":1,"10":1,"11":1,"12":13,"13":13,"14":1,"15":1,"16":12,"17":13,"18":1,"19":1,"20":2,"21":2,"22":1,"23":1,"24":11,"25":11,"26":1,"27":1,"28":3,"29":3,"30":1,"31":1,"32":4,"33":4,"34":4,"35":4,"36":4,"37":4,"38":4,"39":1,"40":1,"41":4,"42":4,"43":4,"44":4,"45":4,"46":4,"47":4,"48":1,"49":1,"50":1,"51":1,"52":1,"53":1,"54":1,"55":1,"56":1,"57":1,"58":1,"59":1,"60":1},"branchMap":{"0":{"type":"branch","line":2,"loc":{"start":{"line":2,"column":19},"end":{"line":2,"column":31}},"locations":[{"start":{"line":2,"column":19},"end":{"line":2,"column":31}}]},"1":{"type":"branch","line":4,"loc":{"start":{"line":4,"column":10},"end":{"line":6,"column":3}},"locations":[{"start":{"line":4,"column":10},"end":{"line":6,"column":3}}]},"2":{"type":"branch","line":8,"loc":{"start":{"line":8,"column":9},"end":{"line":10,"column":3}},"locations":[{"start":{"line":8,"column":9},"end":{"line":10,"column":3}}]},"3":{"type":"branch","line":12,"loc":{"start":{"line":12,"column":9},"end":{"line":18,"column":3}},"locations":[{"start":{"line":12,"column":9},"end":{"line":18,"column":3}}]},"4":{"type":"branch","line":14,"loc":{"start":{"line":14,"column":31},"end":{"line":16,"column":5}},"locations":[{"start":{"line":14,"column":31},"end":{"line":16,"column":5}}]},"5":{"type":"branch","line":16,"loc":{"start":{"line":16,"column":4},"end":{"line":17,"column":30}},"locations":[{"start":{"line":16,"column":4},"end":{"line":17,"column":30}}]},"6":{"type":"branch","line":20,"loc":{"start":{"line":20,"column":9},"end":{"line":22,"column":3}},"locations":[{"start":{"line":20,"column":9},"end":{"line":22,"column":3}}]},"7":{"type":"branch","line":24,"loc":{"start":{"line":24,"column":2},"end":{"line":26,"column":3}},"locations":[{"start":{"line":24,"column":2},"end":{"line":26,"column":3}}]},"8":{"type":"branch","line":28,"loc":{"start":{"line":28,"column":2},"end":{"line":30,"column":3}},"locations":[{"start":{"line":28,"column":2},"end":{"line":30,"column":3}}]},"9":{"type":"branch","line":32,"loc":{"start":{"line":32,"column":2},"end":{"line":39,"column":3}},"locations":[{"start":{"line":32,"column":2},"end":{"line":39,"column":3}}]},"10":{"type":"branch","line":34,"loc":{"start":{"line":34,"column":28},"end":{"line":34,"column":41}},"locations":[{"start":{"line":34,"column":28},"end":{"line":34,"column":41}}]},"11":{"type":"branch","line":35,"loc":{"start":{"line":35,"column":28},"end":{"line":35,"column":42}},"locations":[{"start":{"line":35,"column":28},"end":{"line":35,"column":42}}]},"12":{"type":"branch","line":36,"loc":{"start":{"line":36,"column":28},"end":{"line":36,"column":44}},"locations":[{"start":{"line":36,"column":28},"end":{"line":36,"column":44}}]},"13":{"type":"branch","line":37,"loc":{"start":{"line":37,"column":28},"end":{"line":37,"column":44}},"locations":[{"start":{"line":37,"column":28},"end":{"line":37,"column":44}}]},"14":{"type":"branch","line":41,"loc":{"start":{"line":41,"column":2},"end":{"line":48,"column":3}},"locations":[{"start":{"line":41,"column":2},"end":{"line":48,"column":3}}]},"15":{"type":"branch","line":43,"loc":{"start":{"line":43,"column":33},"end":{"line":43,"column":46}},"locations":[{"start":{"line":43,"column":33},"end":{"line":43,"column":46}}]},"16":{"type":"branch","line":44,"loc":{"start":{"line":44,"column":33},"end":{"line":44,"column":47}},"locations":[{"start":{"line":44,"column":33},"end":{"line":44,"column":47}}]},"17":{"type":"branch","line":45,"loc":{"start":{"line":45,"column":33},"end":{"line":45,"column":49}},"locations":[{"start":{"line":45,"column":33},"end":{"line":45,"column":49}}]},"18":{"type":"branch","line":50,"loc":{"start":{"line":50,"column":2},"end":{"line":52,"column":3}},"locations":[{"start":{"line":50,"column":2},"end":{"line":52,"column":3}}]},"19":{"type":"branch","line":54,"loc":{"start":{"line":54,"column":2},"end":{"line":56,"column":3}},"locations":[{"start":{"line":54,"column":2},"end":{"line":56,"column":3}}]},"20":{"type":"branch","line":58,"loc":{"start":{"line":58,"column":2},"end":{"line":60,"column":3}},"locations":[{"start":{"line":58,"column":2},"end":{"line":60,"column":3}}]}},"b":{"0":[23],"1":[23],"2":[1],"3":[13],"4":[1],"5":[12],"6":[2],"7":[11],"8":[3],"9":[4],"10":[3],"11":[3],"12":[3],"13":[3],"14":[4],"15":[3],"16":[3],"17":[3],"18":[1],"19":[1],"20":[1]},"fnMap":{"0":{"name":"<instance_members_initializer>","decl":{"start":{"line":2,"column":19},"end":{"line":2,"column":31}},"loc":{"start":{"line":2,"column":19},"end":{"line":2,"column":31}},"line":2},"1":{"name":"DateTime","decl":{"start":{"line":4,"column":10},"end":{"line":6,"column":3}},"loc":{"start":{"line":4,"column":10},"end":{"line":6,"column":3}},"line":4},"2":{"name":"now","decl":{"start":{"line":8,"column":9},"end":{"line":10,"column":3}},"loc":{"start":{"line":8,"column":9},"end":{"line":10,"column":3}},"line":8},"3":{"name":"fromISO","decl":{"start":{"line":12,"column":9},"end":{"line":18,"column":3}},"loc":{"start":{"line":12,"column":9},"end":{"line":18,"column":3}},"line":12},"4":{"name":"fromTimestamp","decl":{"start":{"line":20,"column":9},"end":{"line":22,"column":3}},"loc":{"start":{"line":20,"column":9},"end":{"line":22,"column":3}},"line":20},"5":{"name":"toISOString","decl":{"start":{"line":24,"column":2},"end":{"line":26,"column":3}},"loc":{"start":{"line":24,"column":2},"end":{"line":26,"column":3}},"line":24},"6":{"name":"toMillis","decl":{"start":{"line":28,"column":2},"end":{"line":30,"column":3}},"loc":{"start":{"line":28,"column":2},"end":{"line":30,"column":3}},"line":28},"7":{"name":"plus","decl":{"start":{"line":32,"column":2},"end":{"line":39,"column":3}},"loc":{"start":{"line":32,"column":2},"end":{"line":39,"column":3}},"line":32},"8":{"name":"minus","decl":{"start":{"line":41,"column":2},"end":{"line":48,"column":3}},"loc":{"start":{"line":41,"column":2},"end":{"line":48,"column":3}},"line":41},"9":{"name":"isBefore","decl":{"start":{"line":50,"column":2},"end":{"line":52,"column":3}},"loc":{"start":{"line":50,"column":2},"end":{"line":52,"column":3}},"line":50},"10":{"name":"isAfter","decl":{"start":{"line":54,"column":2},"end":{"line":56,"column":3}},"loc":{"start":{"line":54,"column":2},"end":{"line":56,"column":3}},"line":54},"11":{"name":"equals","decl":{"start":{"line":58,"column":2},"end":{"line":60,"column":3}},"loc":{"start":{"line":58,"column":2},"end":{"line":60,"column":3}},"line":58}},"f":{"0":23,"1":23,"2":1,"3":13,"4":2,"5":11,"6":3,"7":4,"8":4,"9":1,"10":1,"11":1}}
,"E:\\Projects\\Nexus\\shared\\utils\\Validation.ts": {"path":"E:\\Projects\\Nexus\\shared\\utils\\Validation.ts","all":false,"statementMap":{"0":{"start":{"line":1,"column":0},"end":{"line":1,"column":25}},"1":{"start":{"line":2,"column":0},"end":{"line":2,"column":60}},"2":{"start":{"line":3,"column":0},"end":{"line":3,"column":64}},"3":{"start":{"line":4,"column":0},"end":{"line":4,"column":3}},"4":{"start":{"line":5,"column":0},"end":{"line":5,"column":0}},"5":{"start":{"line":6,"column":0},"end":{"line":6,"column":55}},"6":{"start":{"line":7,"column":0},"end":{"line":7,"column":48}},"7":{"start":{"line":8,"column":0},"end":{"line":8,"column":95}},"8":{"start":{"line":9,"column":0},"end":{"line":9,"column":33}},"9":{"start":{"line":10,"column":0},"end":{"line":10,"column":3}},"10":{"start":{"line":11,"column":0},"end":{"line":11,"column":0}},"11":{"start":{"line":12,"column":0},"end":{"line":12,"column":56}},"12":{"start":{"line":13,"column":0},"end":{"line":13,"column":48}},"13":{"start":{"line":14,"column":0},"end":{"line":14,"column":52}},"14":{"start":{"line":15,"column":0},"end":{"line":15,"column":34}},"15":{"start":{"line":16,"column":0},"end":{"line":16,"column":3}},"16":{"start":{"line":17,"column":0},"end":{"line":17,"column":0}},"17":{"start":{"line":18,"column":0},"end":{"line":18,"column":61}},"18":{"start":{"line":19,"column":0},"end":{"line":19,"column":77}},"19":{"start":{"line":20,"column":0},"end":{"line":20,"column":3}},"20":{"start":{"line":21,"column":0},"end":{"line":21,"column":0}},"21":{"start":{"line":22,"column":0},"end":{"line":22,"column":74}},"22":{"start":{"line":23,"column":0},"end":{"line":23,"column":40}},"23":{"start":{"line":24,"column":0},"end":{"line":24,"column":3}},"24":{"start":{"line":25,"column":0},"end":{"line":25,"column":0}},"25":{"start":{"line":26,"column":0},"end":{"line":26,"column":68}},"26":{"start":{"line":27,"column":0},"end":{"line":27,"column":53}},"27":{"start":{"line":28,"column":0},"end":{"line":28,"column":48}},"28":{"start":{"line":29,"column":0},"end":{"line":29,"column":72}},"29":{"start":{"line":30,"column":0},"end":{"line":30,"column":52}},"30":{"start":{"line":31,"column":0},"end":{"line":31,"column":52}},"31":{"start":{"line":32,"column":0},"end":{"line":32,"column":5}},"32":{"start":{"line":33,"column":0},"end":{"line":33,"column":21}},"33":{"start":{"line":34,"column":0},"end":{"line":34,"column":3}},"34":{"start":{"line":35,"column":0},"end":{"line":35,"column":1}}},"s":{"0":1,"1":1,"2":103,"3":103,"4":1,"5":1,"6":7,"7":3,"8":3,"9":7,"10":1,"11":1,"12":7,"13":3,"14":3,"15":7,"16":1,"17":1,"18":54,"19":54,"20":1,"21":1,"22":5,"23":5,"24":1,"25":1,"26":7,"27":7,"28":7,"29":7,"30":2,"31":2,"32":7,"33":7,"34":1},"branchMap":{"0":{"type":"branch","line":2,"loc":{"start":{"line":2,"column":9},"end":{"line":4,"column":3}},"locations":[{"start":{"line":2,"column":9},"end":{"line":4,"column":3}}]},"1":{"type":"branch","line":3,"loc":{"start":{"line":3,"column":28},"end":{"line":3,"column":64}},"locations":[{"start":{"line":3,"column":28},"end":{"line":3,"column":64}}]},"2":{"type":"branch","line":6,"loc":{"start":{"line":6,"column":9},"end":{"line":10,"column":3}},"locations":[{"start":{"line":6,"column":9},"end":{"line":10,"column":3}}]},"3":{"type":"branch","line":7,"loc":{"start":{"line":7,"column":35},"end":{"line":7,"column":48}},"locations":[{"start":{"line":7,"column":35},"end":{"line":7,"column":48}}]},"4":{"type":"branch","line":7,"loc":{"start":{"line":7,"column":42},"end":{"line":9,"column":33}},"locations":[{"start":{"line":7,"column":42},"end":{"line":9,"column":33}}]},"5":{"type":"branch","line":12,"loc":{"start":{"line":12,"column":9},"end":{"line":16,"column":3}},"locations":[{"start":{"line":12,"column":9},"end":{"line":16,"column":3}}]},"6":{"type":"branch","line":13,"loc":{"start":{"line":13,"column":35},"end":{"line":13,"column":48}},"locations":[{"start":{"line":13,"column":35},"end":{"line":13,"column":48}}]},"7":{"type":"branch","line":13,"loc":{"start":{"line":13,"column":42},"end":{"line":15,"column":34}},"locations":[{"start":{"line":13,"column":42},"end":{"line":15,"column":34}}]},"8":{"type":"branch","line":18,"loc":{"start":{"line":18,"column":9},"end":{"line":20,"column":3}},"locations":[{"start":{"line":18,"column":9},"end":{"line":20,"column":3}}]},"9":{"type":"branch","line":19,"loc":{"start":{"line":19,"column":28},"end":{"line":19,"column":67}},"locations":[{"start":{"line":19,"column":28},"end":{"line":19,"column":67}}]},"10":{"type":"branch","line":19,"loc":{"start":{"line":19,"column":62},"end":{"line":19,"column":77}},"locations":[{"start":{"line":19,"column":62},"end":{"line":19,"column":77}}]},"11":{"type":"branch","line":22,"loc":{"start":{"line":22,"column":9},"end":{"line":24,"column":3}},"locations":[{"start":{"line":22,"column":9},"end":{"line":24,"column":3}}]},"12":{"type":"branch","line":23,"loc":{"start":{"line":23,"column":20},"end":{"line":23,"column":40}},"locations":[{"start":{"line":23,"column":20},"end":{"line":23,"column":40}}]},"13":{"type":"branch","line":26,"loc":{"start":{"line":26,"column":9},"end":{"line":34,"column":3}},"locations":[{"start":{"line":26,"column":9},"end":{"line":34,"column":3}}]},"14":{"type":"branch","line":30,"loc":{"start":{"line":30,"column":8},"end":{"line":30,"column":51}},"locations":[{"start":{"line":30,"column":8},"end":{"line":30,"column":51}}]},"15":{"type":"branch","line":30,"loc":{"start":{"line":30,"column":51},"end":{"line":32,"column":5}},"locations":[{"start":{"line":30,"column":51},"end":{"line":32,"column":5}}]}},"b":{"0":[103],"1":[88],"2":[7],"3":[4],"4":[3],"5":[7],"6":[4],"7":[3],"8":[54],"9":[47],"10":[44],"11":[5],"12":[4],"13":[7],"14":[3],"15":[2]},"fnMap":{"0":{"name":"isNonEmptyString","decl":{"start":{"line":2,"column":9},"end":{"line":4,"column":3}},"loc":{"start":{"line":2,"column":9},"end":{"line":4,"column":3}},"line":2},"1":{"name":"isValidUUID","decl":{"start":{"line":6,"column":9},"end":{"line":10,"column":3}},"loc":{"start":{"line":6,"column":9},"end":{"line":10,"column":3}},"line":6},"2":{"name":"isValidEmail","decl":{"start":{"line":12,"column":9},"end":{"line":16,"column":3}},"loc":{"start":{"line":12,"column":9},"end":{"line":16,"column":3}},"line":12},"3":{"name":"isPositiveInteger","decl":{"start":{"line":18,"column":9},"end":{"line":20,"column":3}},"loc":{"start":{"line":18,"column":9},"end":{"line":20,"column":3}},"line":18},"4":{"name":"isWithinRange","decl":{"start":{"line":22,"column":9},"end":{"line":24,"column":3}},"loc":{"start":{"line":22,"column":9},"end":{"line":24,"column":3}},"line":22},"5":{"name":"sanitizeString","decl":{"start":{"line":26,"column":9},"end":{"line":34,"column":3}},"loc":{"start":{"line":26,"column":9},"end":{"line":34,"column":3}},"line":26}},"f":{"0":103,"1":7,"2":7,"3":54,"4":5,"5":7}}
,"E:\\Projects\\Nexus\\src\\modules\\configuration\\domain\\ConfigRules.ts": {"path":"E:\\Projects\\Nexus\\src\\modules\\configuration\\domain\\ConfigRules.ts","all":false,"statementMap":{"0":{"start":{"line":1,"column":0},"end":{"line":1,"column":70}},"1":{"start":{"line":2,"column":0},"end":{"line":2,"column":68}},"2":{"start":{"line":3,"column":0},"end":{"line":3,"column":0}},"3":{"start":{"line":4,"column":0},"end":{"line":4,"column":26}},"4":{"start":{"line":5,"column":0},"end":{"line":5,"column":89}},"5":{"start":{"line":6,"column":0},"end":{"line":6,"column":61}},"6":{"start":{"line":7,"column":0},"end":{"line":7,"column":0}},"7":{"start":{"line":8,"column":0},"end":{"line":8,"column":66}},"8":{"start":{"line":9,"column":0},"end":{"line":9,"column":46}},"9":{"start":{"line":10,"column":0},"end":{"line":10,"column":68}},"10":{"start":{"line":11,"column":0},"end":{"line":11,"column":5}},"11":{"start":{"line":12,"column":0},"end":{"line":12,"column":43}},"12":{"start":{"line":13,"column":0},"end":{"line":13,"column":94}},"13":{"start":{"line":14,"column":0},"end":{"line":14,"column":112}},"14":{"start":{"line":15,"column":0},"end":{"line":15,"column":5}},"15":{"start":{"line":16,"column":0},"end":{"line":16,"column":26}},"16":{"start":{"line":17,"column":0},"end":{"line":17,"column":3}},"17":{"start":{"line":18,"column":0},"end":{"line":18,"column":0}},"18":{"start":{"line":19,"column":0},"end":{"line":19,"column":71}},"19":{"start":{"line":20,"column":0},"end":{"line":20,"column":47}},"20":{"start":{"line":21,"column":0},"end":{"line":21,"column":73}},"21":{"start":{"line":22,"column":0},"end":{"line":22,"column":5}},"22":{"start":{"line":23,"column":0},"end":{"line":23,"column":21}},"23":{"start":{"line":24,"column":0},"end":{"line":24,"column":3}},"24":{"start":{"line":25,"column":0},"end":{"line":25,"column":0}},"25":{"start":{"line":26,"column":0},"end":{"line":26,"column":94}},"26":{"start":{"line":27,"column":0},"end":{"line":27,"column":37}},"27":{"start":{"line":28,"column":0},"end":{"line":28,"column":23}},"28":{"start":{"line":29,"column":0},"end":{"line":29,"column":5}},"29":{"start":{"line":30,"column":0},"end":{"line":30,"column":45}},"30":{"start":{"line":31,"column":0},"end":{"line":31,"column":23}},"31":{"start":{"line":32,"column":0},"end":{"line":32,"column":5}},"32":{"start":{"line":33,"column":0},"end":{"line":33,"column":98}},"33":{"start":{"line":34,"column":0},"end":{"line":34,"column":3}},"34":{"start":{"line":35,"column":0},"end":{"line":35,"column":0}},"35":{"start":{"line":36,"column":0},"end":{"line":36,"column":90}},"36":{"start":{"line":37,"column":0},"end":{"line":37,"column":48}},"37":{"start":{"line":38,"column":0},"end":{"line":38,"column":65}},"38":{"start":{"line":39,"column":0},"end":{"line":39,"column":5}},"39":{"start":{"line":40,"column":0},"end":{"line":40,"column":48}},"40":{"start":{"line":41,"column":0},"end":{"line":41,"column":47}},"41":{"start":{"line":42,"column":0},"end":{"line":42,"column":83}},"42":{"start":{"line":43,"column":0},"end":{"line":43,"column":5}},"43":{"start":{"line":44,"column":0},"end":{"line":44,"column":48}},"44":{"start":{"line":45,"column":0},"end":{"line":45,"column":84}},"45":{"start":{"line":46,"column":0},"end":{"line":46,"column":5}},"46":{"start":{"line":47,"column":0},"end":{"line":47,"column":111}},"47":{"start":{"line":48,"column":0},"end":{"line":48,"column":111}},"48":{"start":{"line":49,"column":0},"end":{"line":49,"column":5}},"49":{"start":{"line":50,"column":0},"end":{"line":50,"column":17}},"50":{"start":{"line":51,"column":0},"end":{"line":51,"column":3}},"51":{"start":{"line":52,"column":0},"end":{"line":52,"column":0}},"52":{"start":{"line":53,"column":0},"end":{"line":53,"column":90}},"53":{"start":{"line":54,"column":0},"end":{"line":54,"column":50}},"54":{"start":{"line":55,"column":0},"end":{"line":55,"column":65}},"55":{"start":{"line":56,"column":0},"end":{"line":56,"column":5}},"56":{"start":{"line":57,"column":0},"end":{"line":57,"column":49}},"57":{"start":{"line":58,"column":0},"end":{"line":58,"column":38}},"58":{"start":{"line":59,"column":0},"end":{"line":59,"column":31}},"59":{"start":{"line":60,"column":0},"end":{"line":60,"column":76}},"60":{"start":{"line":61,"column":0},"end":{"line":61,"column":5}},"61":{"start":{"line":62,"column":0},"end":{"line":62,"column":16}},"62":{"start":{"line":63,"column":0},"end":{"line":63,"column":46}},"63":{"start":{"line":64,"column":0},"end":{"line":64,"column":41}},"64":{"start":{"line":65,"column":0},"end":{"line":65,"column":51}},"65":{"start":{"line":66,"column":0},"end":{"line":66,"column":83}},"66":{"start":{"line":67,"column":0},"end":{"line":67,"column":7}},"67":{"start":{"line":68,"column":0},"end":{"line":68,"column":19}},"68":{"start":{"line":69,"column":0},"end":{"line":69,"column":26}},"69":{"start":{"line":70,"column":0},"end":{"line":70,"column":5}},"70":{"start":{"line":71,"column":0},"end":{"line":71,"column":39}},"71":{"start":{"line":72,"column":0},"end":{"line":72,"column":75}},"72":{"start":{"line":73,"column":0},"end":{"line":73,"column":5}},"73":{"start":{"line":74,"column":0},"end":{"line":74,"column":22}},"74":{"start":{"line":75,"column":0},"end":{"line":75,"column":3}},"75":{"start":{"line":76,"column":0},"end":{"line":76,"column":1}}},"s":{"0":1,"1":1,"2":1,"3":1,"4":1,"5":3,"6":1,"7":1,"8":67,"9":4,"10":4,"11":63,"12":67,"13":7,"14":7,"15":56,"16":67,"17":1,"18":1,"19":8,"20":7,"21":7,"22":1,"23":8,"24":1,"25":1,"26":53,"27":44,"28":44,"29":15,"30":3,"31":3,"32":6,"33":53,"34":1,"35":1,"36":11,"37":3,"38":3,"39":8,"40":11,"41":0,"42":0,"43":11,"44":2,"45":2,"46":11,"47":3,"48":3,"49":3,"50":11,"51":1,"52":1,"53":11,"54":2,"55":2,"56":9,"57":9,"58":11,"59":1,"60":1,"61":8,"62":8,"63":11,"64":19,"65":2,"66":2,"67":17,"68":17,"69":17,"70":11,"71":2,"72":2,"73":4,"74":11,"75":1},"branchMap":{"0":{"type":"branch","line":5,"loc":{"start":{"line":5,"column":2},"end":{"line":6,"column":61}},"locations":[{"start":{"line":5,"column":2},"end":{"line":6,"column":61}}]},"1":{"type":"branch","line":8,"loc":{"start":{"line":8,"column":9},"end":{"line":17,"column":3}},"locations":[{"start":{"line":8,"column":9},"end":{"line":17,"column":3}}]},"2":{"type":"branch","line":9,"loc":{"start":{"line":9,"column":45},"end":{"line":11,"column":5}},"locations":[{"start":{"line":9,"column":45},"end":{"line":11,"column":5}}]},"3":{"type":"branch","line":11,"loc":{"start":{"line":11,"column":4},"end":{"line":13,"column":93}},"locations":[{"start":{"line":11,"column":4},"end":{"line":13,"column":93}}]},"4":{"type":"branch","line":13,"loc":{"start":{"line":13,"column":93},"end":{"line":16,"column":26}},"locations":[{"start":{"line":13,"column":93},"end":{"line":16,"column":26}}]},"5":{"type":"branch","line":13,"loc":{"start":{"line":13,"column":93},"end":{"line":15,"column":5}},"locations":[{"start":{"line":13,"column":93},"end":{"line":15,"column":5}}]},"6":{"type":"branch","line":15,"loc":{"start":{"line":15,"column":4},"end":{"line":16,"column":26}},"locations":[{"start":{"line":15,"column":4},"end":{"line":16,"column":26}}]},"7":{"type":"branch","line":19,"loc":{"start":{"line":19,"column":9},"end":{"line":24,"column":3}},"locations":[{"start":{"line":19,"column":9},"end":{"line":24,"column":3}}]},"8":{"type":"branch","line":20,"loc":{"start":{"line":20,"column":46},"end":{"line":22,"column":5}},"locations":[{"start":{"line":20,"column":46},"end":{"line":22,"column":5}}]},"9":{"type":"branch","line":22,"loc":{"start":{"line":22,"column":4},"end":{"line":23,"column":21}},"locations":[{"start":{"line":22,"column":4},"end":{"line":23,"column":21}}]},"10":{"type":"branch","line":26,"loc":{"start":{"line":26,"column":9},"end":{"line":34,"column":3}},"locations":[{"start":{"line":26,"column":9},"end":{"line":34,"column":3}}]},"11":{"type":"branch","line":27,"loc":{"start":{"line":27,"column":36},"end":{"line":29,"column":5}},"locations":[{"start":{"line":27,"column":36},"end":{"line":29,"column":5}}]},"12":{"type":"branch","line":29,"loc":{"start":{"line":29,"column":4},"end":{"line":33,"column":98}},"locations":[{"start":{"line":29,"column":4},"end":{"line":33,"column":98}}]},"13":{"type":"branch","line":29,"loc":{"start":{"line":29,"column":4},"end":{"line":30,"column":44}},"locations":[{"start":{"line":29,"column":4},"end":{"line":30,"column":44}}]},"14":{"type":"branch","line":30,"loc":{"start":{"line":30,"column":44},"end":{"line":33,"column":98}},"locations":[{"start":{"line":30,"column":44},"end":{"line":33,"column":98}}]},"15":{"type":"branch","line":30,"loc":{"start":{"line":30,"column":44},"end":{"line":32,"column":5}},"locations":[{"start":{"line":30,"column":44},"end":{"line":32,"column":5}}]},"16":{"type":"branch","line":32,"loc":{"start":{"line":32,"column":4},"end":{"line":33,"column":98}},"locations":[{"start":{"line":32,"column":4},"end":{"line":33,"column":98}}]},"17":{"type":"branch","line":36,"loc":{"start":{"line":36,"column":9},"end":{"line":51,"column":3}},"locations":[{"start":{"line":36,"column":9},"end":{"line":51,"column":3}}]},"18":{"type":"branch","line":37,"loc":{"start":{"line":37,"column":9},"end":{"line":37,"column":47}},"locations":[{"start":{"line":37,"column":9},"end":{"line":37,"column":47}}]},"19":{"type":"branch","line":37,"loc":{"start":{"line":37,"column":47},"end":{"line":39,"column":5}},"locations":[{"start":{"line":37,"column":47},"end":{"line":39,"column":5}}]},"20":{"type":"branch","line":39,"loc":{"start":{"line":39,"column":4},"end":{"line":41,"column":46}},"locations":[{"start":{"line":39,"column":4},"end":{"line":41,"column":46}}]},"21":{"type":"branch","line":41,"loc":{"start":{"line":41,"column":46},"end":{"line":43,"column":5}},"locations":[{"start":{"line":41,"column":46},"end":{"line":43,"column":5}}]},"22":{"type":"branch","line":43,"loc":{"start":{"line":43,"column":4},"end":{"line":44,"column":47}},"locations":[{"start":{"line":43,"column":4},"end":{"line":44,"column":47}}]},"23":{"type":"branch","line":44,"loc":{"start":{"line":44,"column":47},"end":{"line":46,"column":5}},"locations":[{"start":{"line":44,"column":47},"end":{"line":46,"column":5}}]},"24":{"type":"branch","line":46,"loc":{"start":{"line":46,"column":4},"end":{"line":47,"column":53}},"locations":[{"start":{"line":46,"column":4},"end":{"line":47,"column":53}}]},"25":{"type":"branch","line":47,"loc":{"start":{"line":47,"column":48},"end":{"line":47,"column":110}},"locations":[{"start":{"line":47,"column":48},"end":{"line":47,"column":110}}]},"26":{"type":"branch","line":47,"loc":{"start":{"line":47,"column":110},"end":{"line":50,"column":17}},"locations":[{"start":{"line":47,"column":110},"end":{"line":50,"column":17}}]},"27":{"type":"branch","line":53,"loc":{"start":{"line":53,"column":9},"end":{"line":75,"column":3}},"locations":[{"start":{"line":53,"column":9},"end":{"line":75,"column":3}}]},"28":{"type":"branch","line":54,"loc":{"start":{"line":54,"column":9},"end":{"line":54,"column":49}},"locations":[{"start":{"line":54,"column":9},"end":{"line":54,"column":49}}]},"29":{"type":"branch","line":54,"loc":{"start":{"line":54,"column":49},"end":{"line":56,"column":5}},"locations":[{"start":{"line":54,"column":49},"end":{"line":56,"column":5}}]},"30":{"type":"branch","line":56,"loc":{"start":{"line":56,"column":4},"end":{"line":59,"column":30}},"locations":[{"start":{"line":56,"column":4},"end":{"line":59,"column":30}}]},"31":{"type":"branch","line":59,"loc":{"start":{"line":59,"column":30},"end":{"line":61,"column":5}},"locations":[{"start":{"line":59,"column":30},"end":{"line":61,"column":5}}]},"32":{"type":"branch","line":61,"loc":{"start":{"line":61,"column":4},"end":{"line":64,"column":40}},"locations":[{"start":{"line":61,"column":4},"end":{"line":64,"column":40}}]},"33":{"type":"branch","line":64,"loc":{"start":{"line":64,"column":40},"end":{"line":70,"column":5}},"locations":[{"start":{"line":64,"column":40},"end":{"line":70,"column":5}}]},"34":{"type":"branch","line":65,"loc":{"start":{"line":65,"column":27},"end":{"line":65,"column":50}},"locations":[{"start":{"line":65,"column":27},"end":{"line":65,"column":50}}]},"35":{"type":"branch","line":65,"loc":{"start":{"line":65,"column":50},"end":{"line":67,"column":7}},"locations":[{"start":{"line":65,"column":50},"end":{"line":67,"column":7}}]},"36":{"type":"branch","line":67,"loc":{"start":{"line":67,"column":6},"end":{"line":70,"column":5}},"locations":[{"start":{"line":67,"column":6},"end":{"line":70,"column":5}}]},"37":{"type":"branch","line":70,"loc":{"start":{"line":70,"column":4},"end":{"line":71,"column":38}},"locations":[{"start":{"line":70,"column":4},"end":{"line":71,"column":38}}]},"38":{"type":"branch","line":71,"loc":{"start":{"line":71,"column":38},"end":{"line":73,"column":5}},"locations":[{"start":{"line":71,"column":38},"end":{"line":73,"column":5}}]},"39":{"type":"branch","line":73,"loc":{"start":{"line":73,"column":4},"end":{"line":74,"column":22}},"locations":[{"start":{"line":73,"column":4},"end":{"line":74,"column":22}}]}},"b":{"0":[3],"1":[67],"2":[4],"3":[63],"4":[65],"5":[7],"6":[56],"7":[8],"8":[7],"9":[1],"10":[53],"11":[44],"12":[15],"13":[9],"14":[8],"15":[3],"16":[6],"17":[11],"18":[9],"19":[3],"20":[8],"21":[0],"22":[8],"23":[2],"24":[6],"25":[4],"26":[3],"27":[11],"28":[10],"29":[2],"30":[9],"31":[1],"32":[8],"33":[19],"34":[18],"35":[2],"36":[17],"37":[6],"38":[2],"39":[4]},"fnMap":{"0":{"name":"<static_initializer>","decl":{"start":{"line":5,"column":2},"end":{"line":6,"column":61}},"loc":{"start":{"line":5,"column":2},"end":{"line":6,"column":61}},"line":5},"1":{"name":"validateLogLevel","decl":{"start":{"line":8,"column":9},"end":{"line":17,"column":3}},"loc":{"start":{"line":8,"column":9},"end":{"line":17,"column":3}},"line":8},"2":{"name":"validateRetentionDays","decl":{"start":{"line":19,"column":9},"end":{"line":24,"column":3}},"loc":{"start":{"line":19,"column":9},"end":{"line":24,"column":3}},"line":19},"3":{"name":"validateFeatureFlag","decl":{"start":{"line":26,"column":9},"end":{"line":34,"column":3}},"loc":{"start":{"line":26,"column":9},"end":{"line":34,"column":3}},"line":26},"4":{"name":"validateProviderConfig","decl":{"start":{"line":36,"column":9},"end":{"line":51,"column":3}},"loc":{"start":{"line":36,"column":9},"end":{"line":51,"column":3}},"line":36},"5":{"name":"validateRoutingWeights","decl":{"start":{"line":53,"column":9},"end":{"line":75,"column":3}},"loc":{"start":{"line":53,"column":9},"end":{"line":75,"column":3}},"line":53}},"f":{"0":3,"1":67,"2":8,"3":53,"4":11,"5":11}}
,"E:\\Projects\\Nexus\\src\\modules\\configuration\\domain\\ConfigValidator.ts": {"path":"E:\\Projects\\Nexus\\src\\modules\\configuration\\domain\\ConfigValidator.ts","all":false,"statementMap":{"0":{"start":{"line":1,"column":0},"end":{"line":1,"column":70}},"1":{"start":{"line":2,"column":0},"end":{"line":2,"column":47}},"2":{"start":{"line":3,"column":0},"end":{"line":3,"column":68}},"3":{"start":{"line":4,"column":0},"end":{"line":4,"column":0}},"4":{"start":{"line":5,"column":0},"end":{"line":5,"column":35}},"5":{"start":{"line":6,"column":0},"end":{"line":6,"column":17}},"6":{"start":{"line":7,"column":0},"end":{"line":7,"column":19}},"7":{"start":{"line":8,"column":0},"end":{"line":8,"column":1}},"8":{"start":{"line":9,"column":0},"end":{"line":9,"column":0}},"9":{"start":{"line":10,"column":0},"end":{"line":10,"column":30}},"10":{"start":{"line":11,"column":0},"end":{"line":11,"column":59}},"11":{"start":{"line":12,"column":0},"end":{"line":12,"column":0}},"12":{"start":{"line":13,"column":0},"end":{"line":13,"column":78}},"13":{"start":{"line":14,"column":0},"end":{"line":14,"column":32}},"14":{"start":{"line":15,"column":0},"end":{"line":15,"column":0}},"15":{"start":{"line":16,"column":0},"end":{"line":16,"column":24}},"16":{"start":{"line":17,"column":0},"end":{"line":17,"column":86}},"17":{"start":{"line":18,"column":0},"end":{"line":18,"column":32}},"18":{"start":{"line":19,"column":0},"end":{"line":19,"column":5}},"19":{"start":{"line":20,"column":0},"end":{"line":20,"column":0}},"20":{"start":{"line":21,"column":0},"end":{"line":21,"column":27}},"21":{"start":{"line":22,"column":0},"end":{"line":22,"column":93}},"22":{"start":{"line":23,"column":0},"end":{"line":23,"column":33}},"23":{"start":{"line":24,"column":0},"end":{"line":24,"column":5}},"24":{"start":{"line":25,"column":0},"end":{"line":25,"column":0}},"25":{"start":{"line":26,"column":0},"end":{"line":26,"column":25}},"26":{"start":{"line":27,"column":0},"end":{"line":27,"column":92}},"27":{"start":{"line":28,"column":0},"end":{"line":28,"column":36}},"28":{"start":{"line":29,"column":0},"end":{"line":29,"column":5}},"29":{"start":{"line":30,"column":0},"end":{"line":30,"column":0}},"30":{"start":{"line":31,"column":0},"end":{"line":31,"column":30}},"31":{"start":{"line":32,"column":0},"end":{"line":32,"column":99}},"32":{"start":{"line":33,"column":0},"end":{"line":33,"column":33}},"33":{"start":{"line":34,"column":0},"end":{"line":34,"column":5}},"34":{"start":{"line":35,"column":0},"end":{"line":35,"column":0}},"35":{"start":{"line":36,"column":0},"end":{"line":36,"column":28}},"36":{"start":{"line":37,"column":0},"end":{"line":37,"column":47}},"37":{"start":{"line":38,"column":0},"end":{"line":38,"column":5}},"38":{"start":{"line":39,"column":0},"end":{"line":39,"column":0}},"39":{"start":{"line":40,"column":0},"end":{"line":40,"column":43}},"40":{"start":{"line":41,"column":0},"end":{"line":41,"column":3}},"41":{"start":{"line":42,"column":0},"end":{"line":42,"column":0}},"42":{"start":{"line":43,"column":0},"end":{"line":43,"column":69}},"43":{"start":{"line":44,"column":0},"end":{"line":44,"column":32}},"44":{"start":{"line":45,"column":0},"end":{"line":45,"column":0}},"45":{"start":{"line":46,"column":0},"end":{"line":46,"column":26}},"46":{"start":{"line":47,"column":0},"end":{"line":47,"column":67}},"47":{"start":{"line":48,"column":0},"end":{"line":48,"column":27}},"48":{"start":{"line":49,"column":0},"end":{"line":49,"column":64}},"49":{"start":{"line":50,"column":0},"end":{"line":50,"column":7}},"50":{"start":{"line":51,"column":0},"end":{"line":51,"column":5}},"51":{"start":{"line":52,"column":0},"end":{"line":52,"column":0}},"52":{"start":{"line":53,"column":0},"end":{"line":53,"column":51}},"53":{"start":{"line":54,"column":0},"end":{"line":54,"column":70}},"54":{"start":{"line":55,"column":0},"end":{"line":55,"column":77}},"55":{"start":{"line":56,"column":0},"end":{"line":56,"column":7}},"56":{"start":{"line":57,"column":0},"end":{"line":57,"column":5}},"57":{"start":{"line":58,"column":0},"end":{"line":58,"column":0}},"58":{"start":{"line":59,"column":0},"end":{"line":59,"column":114}},"59":{"start":{"line":60,"column":0},"end":{"line":60,"column":84}},"60":{"start":{"line":61,"column":0},"end":{"line":61,"column":66}},"61":{"start":{"line":62,"column":0},"end":{"line":62,"column":27}},"62":{"start":{"line":63,"column":0},"end":{"line":63,"column":79}},"63":{"start":{"line":64,"column":0},"end":{"line":64,"column":7}},"64":{"start":{"line":65,"column":0},"end":{"line":65,"column":5}},"65":{"start":{"line":66,"column":0},"end":{"line":66,"column":0}},"66":{"start":{"line":67,"column":0},"end":{"line":67,"column":18}},"67":{"start":{"line":68,"column":0},"end":{"line":68,"column":3}},"68":{"start":{"line":69,"column":0},"end":{"line":69,"column":0}},"69":{"start":{"line":70,"column":0},"end":{"line":70,"column":75}},"70":{"start":{"line":71,"column":0},"end":{"line":71,"column":32}},"71":{"start":{"line":72,"column":0},"end":{"line":72,"column":0}},"72":{"start":{"line":73,"column":0},"end":{"line":73,"column":61}},"73":{"start":{"line":74,"column":0},"end":{"line":74,"column":49}},"74":{"start":{"line":75,"column":0},"end":{"line":75,"column":66}},"75":{"start":{"line":76,"column":0},"end":{"line":76,"column":29}},"76":{"start":{"line":77,"column":0},"end":{"line":77,"column":68}},"77":{"start":{"line":78,"column":0},"end":{"line":78,"column":9}},"78":{"start":{"line":79,"column":0},"end":{"line":79,"column":7}},"79":{"start":{"line":80,"column":0},"end":{"line":80,"column":5}},"80":{"start":{"line":81,"column":0},"end":{"line":81,"column":0}},"81":{"start":{"line":82,"column":0},"end":{"line":82,"column":18}},"82":{"start":{"line":83,"column":0},"end":{"line":83,"column":3}},"83":{"start":{"line":84,"column":0},"end":{"line":84,"column":0}},"84":{"start":{"line":85,"column":0},"end":{"line":85,"column":71}},"85":{"start":{"line":86,"column":0},"end":{"line":86,"column":32}},"86":{"start":{"line":87,"column":0},"end":{"line
[...]
ine":1,"column":74}},"1":{"start":{"line":2,"column":0},"end":{"line":2,"column":0}},"2":{"start":{"line":3,"column":0},"end":{"line":3,"column":55}},"3":{"start":{"line":4,"column":0},"end":{"line":4,"column":43}},"4":{"start":{"line":5,"column":0},"end":{"line":5,"column":48}},"5":{"start":{"line":6,"column":0},"end":{"line":6,"column":0}},"6":{"start":{"line":7,"column":0},"end":{"line":7,"column":56}},"7":{"start":{"line":8,"column":0},"end":{"line":8,"column":55}},"8":{"start":{"line":9,"column":0},"end":{"line":9,"column":3}},"9":{"start":{"line":10,"column":0},"end":{"line":10,"column":0}},"10":{"start":{"line":11,"column":0},"end":{"line":11,"column":32}},"11":{"start":{"line":12,"column":0},"end":{"line":12,"column":30}},"12":{"start":{"line":13,"column":0},"end":{"line":13,"column":38}},"13":{"start":{"line":14,"column":0},"end":{"line":14,"column":78}},"14":{"start":{"line":15,"column":0},"end":{"line":15,"column":63}},"15":{"start":{"line":16,"column":0},"end":{"line":16,"column":3}},"16":{"start":{"line":17,"column":0},"end":{"line":17,"column":0}},"17":{"start":{"line":18,"column":0},"end":{"line":18,"column":43}},"18":{"start":{"line":19,"column":0},"end":{"line":19,"column":64}},"19":{"start":{"line":20,"column":0},"end":{"line":20,"column":56}},"20":{"start":{"line":21,"column":0},"end":{"line":21,"column":35}},"21":{"start":{"line":22,"column":0},"end":{"line":22,"column":30}},"22":{"start":{"line":23,"column":0},"end":{"line":23,"column":9}},"23":{"start":{"line":24,"column":0},"end":{"line":24,"column":29}},"24":{"start":{"line":25,"column":0},"end":{"line":25,"column":7}},"25":{"start":{"line":26,"column":0},"end":{"line":26,"column":19}},"26":{"start":{"line":27,"column":0},"end":{"line":27,"column":6}},"27":{"start":{"line":28,"column":0},"end":{"line":28,"column":0}},"28":{"start":{"line":29,"column":0},"end":{"line":29,"column":30}},"29":{"start":{"line":30,"column":0},"end":{"line":30,"column":48}},"30":{"start":{"line":31,"column":0},"end":{"line":31,"column":5}},"31":{"start":{"line":32,"column":0},"end":{"line":32,"column":43}},"32":{"start":{"line":33,"column":0},"end":{"line":33,"column":3}},"33":{"start":{"line":34,"column":0},"end":{"line":34,"column":1}}},"s":{"0":0,"1":0,"2":0,"3":0,"4":0,"5":0,"6":0,"7":0,"8":0,"9":0,"10":0,"11":0,"12":0,"13":0,"14":0,"15":0,"16":0,"17":0,"18":0,"19":0,"20":0,"21":0,"22":0,"23":0,"24":0,"25":0,"26":0,"27":0,"28":0,"29":0,"30":0,"31":0,"32":0,"33":0},"branchMap":{"0":{"type":"branch","line":1,"loc":{"start":{"line":1,"column":1039},"end":{"line":34,"column":1}},"locations":[{"start":{"line":1,"column":1039},"end":{"line":34,"column":1}}]}},"b":{"0":[0]},"fnMap":{"0":{"name":"(empty-report)","decl":{"start":{"line":1,"column":1039},"end":{"line":34,"column":1}},"loc":{"start":{"line":1,"column":1039},"end":{"line":34,"column":1}},"line":1}},"f":{"0":0}}
,"E:\\Projects\\Nexus\\src\\modules\\logger\\services\\LoggerService.ts": {"path":"E:\\Projects\\Nexus\\src\\modules\\logger\\services\\LoggerService.ts","all":false,"statementMap":{"0":{"start":{"line":1,"column":0},"end":{"line":1,"column":50}},"1":{"start":{"line":2,"column":0},"end":{"line":2,"column":64}},"2":{"start":{"line":3,"column":0},"end":{"line":3,"column":76}},"3":{"start":{"line":4,"column":0},"end":{"line":4,"column":81}},"4":{"start":{"line":5,"column":0},"end":{"line":5,"column":0}},"5":{"start":{"line":6,"column":0},"end":{"line":6,"column":26}},"6":{"start":{"line":7,"column":0},"end":{"line":7,"column":25}},"7":{"start":{"line":8,"column":0},"end":{"line":8,"column":1}},"8":{"start":{"line":9,"column":0},"end":{"line":9,"column":0}},"9":{"start":{"line":10,"column":0},"end":{"line":10,"column":47}},"10":{"start":{"line":11,"column":0},"end":{"line":11,"column":43}},"11":{"start":{"line":12,"column":0},"end":{"line":12,"column":26}},"12":{"start":{"line":13,"column":0},"end":{"line":13,"column":54}},"13":{"start":{"line":14,"column":0},"end":{"line":14,"column":40}},"14":{"start":{"line":15,"column":0},"end":{"line":15,"column":24}},"15":{"start":{"line":16,"column":0},"end":{"line":16,"column":0}},"16":{"start":{"line":17,"column":0},"end":{"line":17,"column":91}},"17":{"start":{"line":18,"column":0},"end":{"line":18,"column":27}},"18":{"start":{"line":19,"column":0},"end":{"line":19,"column":48}},"19":{"start":{"line":20,"column":0},"end":{"line":20,"column":29}},"20":{"start":{"line":21,"column":0},"end":{"line":21,"column":3}},"21":{"start":{"line":22,"column":0},"end":{"line":22,"column":0}},"22":{"start":{"line":23,"column":0},"end":{"line":23,"column":67}},"23":{"start":{"line":24,"column":0},"end":{"line":24,"column":47}},"24":{"start":{"line":25,"column":0},"end":{"line":25,"column":3}},"25":{"start":{"line":26,"column":0},"end":{"line":26,"column":0}},"26":{"start":{"line":27,"column":0},"end":{"line":27,"column":66}},"27":{"start":{"line":28,"column":0},"end":{"line":28,"column":46}},"28":{"start":{"line":29,"column":0},"end":{"line":29,"column":3}},"29":{"start":{"line":30,"column":0},"end":{"line":30,"column":0}},"30":{"start":{"line":31,"column":0},"end":{"line":31,"column":66}},"31":{"start":{"line":32,"column":0},"end":{"line":32,"column":46}},"32":{"start":{"line":33,"column":0},"end":{"line":33,"column":3}},"33":{"start":{"line":34,"column":0},"end":{"line":34,"column":0}},"34":{"start":{"line":35,"column":0},"end":{"line":35,"column":84}},"35":{"start":{"line":36,"column":0},"end":{"line":36,"column":54}},"36":{"start":{"line":37,"column":0},"end":{"line":37,"column":3}},"37":{"start":{"line":38,"column":0},"end":{"line":38,"column":0}},"38":{"start":{"line":39,"column":0},"end":{"line":39,"column":35}},"39":{"start":{"line":40,"column":0},"end":{"line":40,"column":23}},"40":{"start":{"line":41,"column":0},"end":{"line":41,"column":3}},"41":{"start":{"line":42,"column":0},"end":{"line":42,"column":0}},"42":{"start":{"line":43,"column":0},"end":{"line":43,"column":24}},"43":{"start":{"line":44,"column":0},"end":{"line":44,"column":22}},"44":{"start":{"line":45,"column":0},"end":{"line":45,"column":3}},"45":{"start":{"line":46,"column":0},"end":{"line":46,"column":0}},"46":{"start":{"line":47,"column":0},"end":{"line":47,"column":53}},"47":{"start":{"line":48,"column":0},"end":{"line":48,"column":79}},"48":{"start":{"line":49,"column":0},"end":{"line":49,"column":62}},"49":{"start":{"line":50,"column":0},"end":{"line":50,"column":78}},"50":{"start":{"line":51,"column":0},"end":{"line":51,"column":65}},"51":{"start":{"line":52,"column":0},"end":{"line":52,"column":58}},"52":{"start":{"line":53,"column":0},"end":{"line":53,"column":61}},"53":{"start":{"line":54,"column":0},"end":{"line":54,"column":33}},"54":{"start":{"line":55,"column":0},"end":{"line":55,"column":23}},"55":{"start":{"line":56,"column":0},"end":{"line":56,"column":3}},"56":{"start":{"line":57,"column":0},"end":{"line":57,"column":0}},"57":{"start":{"line":58,"column":0},"end":{"line":58,"column":60}},"58":{"start":{"line":59,"column":0},"end":{"line":59,"column":63}},"59":{"start":{"line":60,"column":0},"end":{"line":60,"column":3}},"60":{"start":{"line":61,"column":0},"end":{"line":61,"column":0}},"61":{"start":{"line":62,"column":0},"end":{"line":62,"column":64}},"62":{"start":{"line":63,"column":0},"end":{"line":63,"column":40}},"63":{"start":{"line":64,"column":0},"end":{"line":64,"column":3}},"64":{"start":{"line":65,"column":0},"end":{"line":65,"column":0}},"65":{"start":{"line":66,"column":0},"end":{"line":66,"column":30}},"66":{"start":{"line":67,"column":0},"end":{"line":67,"column":28}},"67":{"start":{"line":68,"column":0},"end":{"line":68,"column":3}},"68":{"start":{"line":69,"column":0},"end":{"line":69,"column":0}},"69":{"start":{"line":70,"column":0},"end":{"line":70,"column":107}},"70":{"start":{"line":71,"column":0},"end":{"line":71,"column":29}},"71":{"start":{"line":72,"column":0},"end":{"line":72,"column":13}},"72":{"start":{"line":73,"column":0},"end":{"line":73,"column":5}},"73":{"start":{"line":74,"column":0},"end":{"line":74,"column":0}},"74":{"start":{"line":75,"column":0},"end":{"line":75,"column":29}},"75":{"start":{"line":76,"column":0},"end":{"line":76,"column":42}},"76":{"start":{"line":77,"column":0},"end":{"line":77,"column":12}},"77":{"start":{"line":78,"column":0},"end":{"line":78,"column":39}},"78":{"start":{"line":79,"column":0},"end":{"line":79,"column":14}},"79":{"start":{"line":80,"column":0},"end":{"line":80,"column":42}},"80":{"start":{"line":81,"column":0},"end":{"line":81,"column":6}},"81":{"start":{"line":82,"column":0},"end":{"line":82,"column":0}},"82":{"start":{"line":83,"column":0},"end":{"line":83,"column":16}},"83":{"start":{"line":84,"column":0},"end":{"line":84,"column":81}},"84":{"start":{"line":85,"column":0},"end":{"line":85,"column":21}},"85":{"start":{"line":86,"column":0},"end":{"line":86,"column":28}},"86":{"start":{"line":87,"column":0},"end":{"line":87,"column":34}},"87":{"start":{"line":88,"column":0},"end":{"line":88,"column":30}},"88":{"start":{"line":89,"column":0},"end":{"line":89,"column":8}},"89":{"start":{"line":90,"column":0},"end":{"line":90,"column":5}},"90":{"start":{"line":91,"column":0},"end":{"line":91,"column":0}},"91":{"start":{"line":92,"column":0},"end":{"line":92,"column":20}},"92":{"start":{"line":93,"column":0},"end":{"line":93,"column":35}},"93":{"start":{"line":94,"column":0},"end":{"line":94,"column":5}},"94":{"start":{"line":95,"column":0},"end":{"line":95,"column":0}},"95":{"start":{"line":96,"column":0},"end":{"line":96,"column":9}},"96":{"start":{"line":97,"column":0},"end":{"line":97,"column":32}},"97":{"start":{"line":98,"column":0},"end":{"line":98,"column":19}},"98":{"start":{"line":99,"column":0},"end":{"line":99,"column":72}},"99":{"start":{"line":100,"column":0},"end":{"line":100,"column":32}},"100":{"start":{"line":101,"column":0},"end":{"line":101,"column":53}},"101":{"start":{"line":102,"column":0},"end":{"line":102,"column":36}},"102":{"start":{"line":103,"column":0},"end":{"line":103,"column":41}},"103":{"start":{"line":104,"column":0},"end":{"line":104,"column":13}},"104":{"start":{"line":105,"column":0},"end":{"line":105,"column":8}},"105":{"start":{"line":106,"column":0},"end":{"line":106,"column":5}},"106":{"start":{"line":107,"column":0},"end":{"line":107,"column":3}},"107":{"start":{"line":108,"column":0},"end":{"line":108,"column":0}},"108":{"start":{"line":109,"column":0},"end":{"line":109,"column":96}},"109":{"start":{"line":110,"column":0},"end":{"line":110,"column":63}},"110":{"start":{"line":111,"column":0},"end":{"line":111,"column":18}},"111":{"start":{"line":112,"column":0},"end":{"line":112,"column":67}},"112":{"start":{"line":113,"column":0},"end":{"line":113,"column":44}},"113":{"start":{"line":114,"column":0},"end":{"line":114,"column":79}},"114":{"start":{"line":115,"column":0},"end":{"line":115,"column":5}},"115":{"start":{"line":116,"column":0},"end":{"line":116,"column":63}},"116":{"start":{"line":117,"column":0},"end":{"line":117,"column":3}},"117":{"start":{"line":118,"column":0},"end":{"line":118,"column":1}}},"s":{"0":1,"1":1,"2":1,"3":1,"4":1,"5":1,"6":1,"7":1,"8":1,"9":1,"10":1,"11":29,"12":29,"13":29,"14":29,"15":1,"16":1,"17":29,"18":29,"19":29,"20":29,"21":1,"22":1,"23":5,"24":5,"25":1,"26":1,"27":11,"28":11,"29":1,"30":1,"31":2,"32":2,"33":1,"34":1,"35":4,"36":4,"37":1,"38":1,"39":9,"40":9,"41":1,"42":1,"43":2,"44":2,"45":1,"46":1,"47":5,"48":5,"49":5,"50":5,"51":5,"52":5,"53":5,"54":5,"55":5,"56":1,"57":1,"58":3,"59":3,"60":1,"61":1,"62":0,"63":0,"64":1,"65":1,"66":0,"67":0,"68":1,"69":1,"70":22,"71":3,"72":3,"73":19,"74":19,"75":19,"76":19,"77":19,"78":19,"79":19,"80":19,"81":19,"82":22,"83":2,"84":2,"85":2,"86":2,"87":2,"88":2,"89":2,"90":19,"91":22,"92":2,"93":2,"94":19,"95":19,"96":19,"97":22,"98":1,"99":1,"100":1,"101":1,"102":1,"103":1,"104":1,"105":1,"106":22,"107":1,"108":1,"109":19,"110":19,"111":4,"112":4,"113":4,"114":4,"115":19,"116":19,"117":1},"branchMap":{"0":{"type":"branch","line":11,"loc":{"start":{"line":11,"column":19},"end":{"line":15,"column":24}},"locations":[{"start":{"line":11,"column":19},"end":{"line":15,"column":24}}]},"1":{"type":"branch","line":17,"loc":{"start":{"line":17,"column":2},"end":{"line":21,"column":3}},"locations":[{"start":{"line":17,"column":2},"end":{"line":21,"column":3}}]},"2":{"type":"branch","line":19,"loc":{"start":{"line":19,"column":25},"end":{"line":19,"column":48}},"locations":[{"start":{"line":19,"column":25},"end":{"line":19,"column":48}}]},"3":{"type":"branch","line":23,"loc":{"start":{"line":23,"column":2},"end":{"line":25,"column":3}},"locations":[{"start":{"line":23,"column":2},"end":{"line":25,"column":3}}]},"4":{"type":"branch","line":27,"loc":{"start":{"line":27,"column":2},"end":{"line":29,"column":3}},"locations":[{"start":{"line":27,"column":2},"end":{"line":29,"column":3}}]},"5":{"type":"branch","line":31,"loc":{"start":{"line":31,"column":2},"end":{"line":33,"column":3}},"locations":[{"start":{"line":31,"column":2},"end":{"line":33,"column":3}}]},"6":{"type":"branch","line":35,"loc":{"start":{"line":35,"column":2},"end":{"line":37,"column":3}},"locations":[{"start":{"line":35,"column":2},"end":{"line":37,"column":3}}]},"7":{"type":"branch","line":39,"loc":{"start":{"line":39,"column":2},"end":{"line":41,"column":3}},"locations":[{"start":{"line":39,"column":2},"end":{"line":41,"column":3}}]},"8":{"type":"branch","line":43,"loc":{"start":{"line":43,"column":2},"end":{"line":45,"column":3}},"locations":[{"start":{"line":43,"column":2},"end":{"line":45,"column":3}}]},"9":{"type":"branch","line":47,"loc":{"start":{"line":47,"column":2},"end":{"line":56,"column":3}},"locations":[{"start":{"line":47,"column":2},"end":{"line":56,"column":3}}]},"10":{"type":"branch","line":58,"loc":{"start":{"line":58,"column":2},"end":{"line":60,"column":3}},"locations":[{"start":{"line":58,"column":2},"end":{"line":60,"column":3}}]},"11":{"type":"branch","line":70,"loc":{"start":{"line":70,"column":10},"end":{"line":107,"column":3}},"locations":[{"start":{"line":70,"column":10},"end":{"line":107,"column":3}}]},"12":{"type":"branch","line":71,"loc":{"start":{"line":71,"column":28},"end":{"line":73,"column":5}},"locations":[{"start":{"line":71,"column":28},"end":{"line":73,"column":5}}]},"13":{"type":"branch","line":73,"loc":{"start":{"line":73,"column":4},"end":{"line":83,"column":15}},"locations":[{"start":{"line":73,"column":4},"end":{"line":83,"column":15}}]},"14":{"type":"branch","line":83,"loc":{"start":{"line":83,"column":15},"end":{"line":90,"column":5}},"locations":[{"start":{"line":83,"column":15},"end":{"line":90,"column":5}}]},"15":{"type":"branch","line":84,"loc":{"start":{"line":84,"column":40},"end":{"line":84,"column":56}},"locations":[{"start":{"line":84,"column":40},"end":{"line":84,"column":56}}]},"16":{"type":"branch","line":84,"loc":{"start":{"line":84,"column":48},"end":{"line":84,"column":81}},"locations":[{"start":{"line":84,"column":48},"end":{"line":84,"column":81}}]},"17":{"type":"branch","line":90,"loc":{"start":{"line":90,"column":4},"end":{"line":92,"column":19}},"locations":[{"start":{"line":90,"column":4},"end":{"line":92,"column":19}}]},"18":{"type":"branch","line":92,"loc":{"start":{"line":92,"column":19},"end":{"line":94,"column":5}},"locations":[{"start":{"line":92,"column":19},"end":{"line":94,"column":5}}]},"19":{"type":"branch","line":94,"loc":{"start":{"line":94,"column":4},"end":{"line":98,"column":13}},"locations":[{"start":{"line":94,"column":4},"end":{"line":98,"column":13}}]},"20":{"type":"branch","line":98,"loc":{"start":{"line":98,"column":4},"end":{"line":106,"column":5}},"locations":[{"start":{"line":98,"column":4},"end":{"line":106,"column":5}}]},"21":{"type":"branch","line":99,"loc":{"start":{"line":99,"column":43},"end":{"line":99,"column":72}},"locations":[{"start":{"line":99,"column":43},"end":{"line":99,"column":72}}]},"22":{"type":"branch","line":109,"loc":{"start":{"line":109,"column":10},"end":{"line":117,"column":3}},"locations":[{"start":{"line":109,"column":10},"end":{"line":117,"column":3}}]},"23":{"type":"branch","line":111,"loc":{"start":{"line":111,"column":17},"end":{"line":115,"column":5}},"locations":[{"start":{"line":111,"column":17},"end":{"line":115,"column":5}}]},"24":{"type":"branch","line":114,"loc":{"start":{"line":114,"column":49},"end":{"line":114,"column":69}},"locations":[{"start":{"line":114,"column":49},"end":{"line":114,"column":69}}]},"25":{"type":"branch","line":114,"loc":{"start":{"line":114,"column":53},"end":{"line":114,"column":79}},"locations":[{"start":{"line":114,"column":53},"end":{"line":114,"column":79}}]},"26":{"type":"branch","line":115,"loc":{"start":{"line":115,"column":4},"end":{"line":116,"column":44}},"locations":[{"start":{"line":115,"column":4},"end":{"line":116,"column":44}}]},"27":{"type":"branch","line":116,"loc":{"start":{"line":116,"column":40},"end":{"line":116,"column":53}},"locations":[{"start":{"line":116,"column":40},"end":{"line":116,"column":53}}]},"28":{"type":"branch","line":116,"loc":{"start":{"line":116,"column":44},"end":{"line":116,"column":63}},"locations":[{"start":{"line":116,"column":44},"end":{"line":116,"column":63}}]}},"b":{"0":[29],"1":[29],"2":[1],"3":[5],"4":[11],"5":[2],"6":[4],"7":[9],"8":[2],"9":[5],"10":[3],"11":[22],"12":[3],"13":[19],"14":[2],"15":[1],"16":[1],"17":[19],"18":[2],"19":[19],"20":[1],"21":[0],"22":[19],"23":[4],"24":[2],"25":[2],"26":[15],"27":[5],"28":[10]},"fnMap":{"0":{"name":"<instance_members_initializer>","decl":{"start":{"line":11,"column":19},"end":{"line":15,"column":24}},"loc":{"start":{"line":11,"column":19},"end":{"line":15,"column":24}},"line":11},"1":{"name":"LoggerService","decl":{"start":{"line":17,"column":2},"end":{"line":21,"column":3}},"loc":{"start":{"line":17,"column":2},"end":{"line":21,"column":3}},"line":17},"2":{"name":"debug","decl":{"start":{"line":23,"column":2},"end":{"line":25,"column":3}},"loc":{"start":{"line":23,"column":2},"end":{"line":25,"column":3}},"line":23},"3":{"name":"info","decl":{"start":{"line":27,"column":2},"end":{"line":29,"column":3}},"loc":{"start":{"line":27,"column":2},"end":{"line":29,"column":3}},"line":27},"4":{"name":"warn","decl":{"start":{"line":31,"column":2},"end":{"line":33,"column":3}},"loc":{"start":{"line":31,"column":2},"end":{"line":33,"column":3}},"line":31},"5":{"name":"error","decl":{"start":{"line":35,"column":2},"end":{"line":37,"column":3}},"loc":{"start":{"line":35,"column":2},"end":{"line":37,"column":3}},"line":35},"6":{"name":"setLevel","decl":{"start":{"line":39,"column":2},"end":{"line":41,"column":3}},"loc":{"start":{"line":39,"column":2},"end":{"line":41,"column":3}},"line":39},"7":{"name":"getLevel","decl":{"start":{"line":43,"column":2},"end":{"line":45,"column":3}},"loc":{"start":{"line":43,"column":2},"end":{"line":45,"column":3}},"line":43},"8":{"name":"child","decl":{"start":{"line":47,"column":2},"end":{"line":56,"column":3}},"loc":{"start":{"line":47,"column":2},"end":{"line":56,"column":3}},"line":47},"9":{"name":"setGlobalContext","decl":{"start":{"line":58,"column":2},"end":{"line":60,"column":3}},"loc":{"start":{"line":58,"column":2},"end":{"line":60,"column":3}},"line":58},"10":{"name":"replaceGlobalContext","decl":{"start":{"line":62,"column":2},"end":{"line":64,"column":3}},"loc":{"start":{"line":62,"column":2},"end":{"line":64,"column":3}},"line":62},"11":{"name":"clearGlobalContext","decl":{"start":{"line":66,"column":2},"end":{"line":68,"column":3}},"loc":{"start":{"line":66,"column":2},"end":{"line":68,"column":3}},"line":66},"12":{"name":"log","decl":{"start":{"line":70,"column":10},"end":{"line":107,"column":3}},"loc":{"start":{"line":70,"column":10},"end":{"line":107,"column":3}},"line":70},"13":{"name":"mergeContext","decl":{"start":{"line":109,"column":10},"end":{"line":117,"column":3}},"loc":{"start":{"line":109,"column":10},"end":{"line":117,"column":3}},"line":109}},"f":{"0":29,"1":29,"2":5,"3":11,"4":2,"5":4,"6":9,"7":2,"8":5,"9":3,"10":0,"11":0,"12":22,"13":19}}
}
